#
# There is insufficient memory for the Java Runtime Environment to continue.
# Native memory allocation (malloc) failed to allocate 1949216 bytes for Chunk::new
# Possible reasons:
#   The system is out of physical RAM or swap space
#   The process is running with CompressedOops enabled, and the Java Heap may be blocking the growth of the native heap
# Possible solutions:
#   Reduce memory load on the system
#   Increase physical memory or swap space
#   Check if swap backing store is full
#   Decrease Java heap size (-Xmx/-Xms)
#   Decrease number of Java threads
#   Decrease Java thread stack sizes (-Xss)
#   Set larger code cache with -XX:ReservedCodeCacheSize=
#   JVM is running with Unscaled Compressed Oops mode in which the Java heap is
#     placed in the first 4GB address space. The Java Heap base address is the
#     maximum limit for the native heap growth. Please use -XX:HeapBaseMinAddress
#     to set the Java Heap base and to place the Java Heap above 4GB virtual address.
# This output file may be truncated or incomplete.
#
#  Out of Memory Error (arena.cpp:189), pid=8348, tid=19632
#
# JRE version: Java(TM) SE Runtime Environment (17.0.6+9) (build 17.0.6+9-LTS-190)
# Java VM: Java HotSpot(TM) 64-Bit Server VM (17.0.6+9-LTS-190, mixed mode, sharing, tiered, compressed oops, compressed class ptrs, g1 gc, windows-amd64)
# No core dump will be written. Minidumps are not enabled by default on client versions of Windows
#

---------------  S U M M A R Y ------------

Command Line: -javaagent:C:\Program Files\JetBrains\IntelliJ IDEA 2022.3.1\lib\idea_rt.jar=6716:C:\Program Files\JetBrains\IntelliJ IDEA 2022.3.1\bin -Dfile.encoding=UTF-8 org.example.LauncherWrapper

Host: 11th Gen Intel(R) Core(TM) i7-11800H @ 2.30GHz, 16 cores, 7G,  Windows 11 , 64 bit Build 22621 (10.0.22621.3958)
Time: Mon Nov  4 17:17:51 2024 Sri Lanka Standard Time elapsed time: 1.051011 seconds (0d 0h 0m 1s)

---------------  T H R E A D  ---------------

Current thread (0x000001f1de92bf00):  JavaThread "C2 CompilerThread1" daemon [_thread_in_native, id=19632, stack(0x000000a709500000,0x000000a709600000)]


Current CompileTask:
C2:   1051 1853   !   4       jdk.internal.loader.BuiltinClassLoader::loadClassOrNull (143 bytes)

Stack: [0x000000a709500000,0x000000a709600000]
Native frames: (J=compiled Java code, j=interpreted, Vv=VM code, C=native code)
V  [jvm.dll+0x6734ea]
V  [jvm.dll+0x7d18f4]
V  [jvm.dll+0x7d309e]
V  [jvm.dll+0x7d3703]
V  [jvm.dll+0x2433c5]
V  [jvm.dll+0xaa46b]
V  [jvm.dll+0xaaa0c]
V  [jvm.dll+0x35eb2e]
V  [jvm.dll+0x329401]
V  [jvm.dll+0x32889a]
V  [jvm.dll+0x215ddf]
V  [jvm.dll+0x215211]
V  [jvm.dll+0x1a1730]
V  [jvm.dll+0x224b6e]
V  [jvm.dll+0x222f15]
V  [jvm.dll+0x78753c]
V  [jvm.dll+0x781a7a]
V  [jvm.dll+0x672375]
C  [ucrtbase.dll+0x29333]
C  [KERNEL32.DLL+0x1257d]
C  [ntdll.dll+0x5af08]


---------------  P R O C E S S  ---------------

Threads class SMR info:
_java_thread_list=0x000001f1dfdd1f00, length=23, elements={
0x000001f1bf3853c0, 0x000001f1dde32990, 0x000001f1dde33340, 0x000001f1dde464a0,
0x000001f1dde46e50, 0x000001f1dde4ac20, 0x000001f1dde4b5d0, 0x000001f1dde4e370,
0x000001f1dde52920, 0x000001f1dde53310, 0x000001f1de8b37f0, 0x000001f1de8b7f40,
0x000001f1de8b8a60, 0x000001f1de92bf00, 0x000001f1dea0c760, 0x000001f1dea0cc30,
0x000001f1debaac10, 0x000001f1deca22b0, 0x000001f1df372b00, 0x000001f1df7e0cb0,
0x000001f1dfb503d0, 0x000001f1df7c8cb0, 0x000001f1dfe35b50
}

Java Threads: ( => current thread )
  0x000001f1bf3853c0 JavaThread "main" [_thread_blocked, id=5580, stack(0x000000a708200000,0x000000a708300000)]
  0x000001f1dde32990 JavaThread "Reference Handler" daemon [_thread_blocked, id=20664, stack(0x000000a708900000,0x000000a708a00000)]
  0x000001f1dde33340 JavaThread "Finalizer" daemon [_thread_blocked, id=26708, stack(0x000000a708a00000,0x000000a708b00000)]
  0x000001f1dde464a0 JavaThread "Signal Dispatcher" daemon [_thread_blocked, id=17256, stack(0x000000a708b00000,0x000000a708c00000)]
  0x000001f1dde46e50 JavaThread "Attach Listener" daemon [_thread_blocked, id=21308, stack(0x000000a708c00000,0x000000a708d00000)]
  0x000001f1dde4ac20 JavaThread "Service Thread" daemon [_thread_blocked, id=18812, stack(0x000000a708d00000,0x000000a708e00000)]
  0x000001f1dde4b5d0 JavaThread "Monitor Deflation Thread" daemon [_thread_blocked, id=15824, stack(0x000000a708e00000,0x000000a708f00000)]
  0x000001f1dde4e370 JavaThread "C2 CompilerThread0" daemon [_thread_blocked, id=1176, stack(0x000000a708f00000,0x000000a709000000)]
  0x000001f1dde52920 JavaThread "C1 CompilerThread0" daemon [_thread_blocked, id=12080, stack(0x000000a709000000,0x000000a709100000)]
  0x000001f1dde53310 JavaThread "Sweeper thread" daemon [_thread_blocked, id=11876, stack(0x000000a709100000,0x000000a709200000)]
  0x000001f1de8b37f0 JavaThread "Common-Cleaner" daemon [_thread_blocked, id=20608, stack(0x000000a709200000,0x000000a709300000)]
  0x000001f1de8b7f40 JavaThread "C1 CompilerThread1" daemon [_thread_blocked, id=21772, stack(0x000000a709300000,0x000000a709400000)]
  0x000001f1de8b8a60 JavaThread "C1 CompilerThread2" daemon [_thread_blocked, id=11860, stack(0x000000a709400000,0x000000a709500000)]
=>0x000001f1de92bf00 JavaThread "C2 CompilerThread1" daemon [_thread_in_native, id=19632, stack(0x000000a709500000,0x000000a709600000)]
  0x000001f1dea0c760 JavaThread "Monitor Ctrl-Break" daemon [_thread_in_native, id=6900, stack(0x000000a709600000,0x000000a709700000)]
  0x000001f1dea0cc30 JavaThread "Notification Thread" daemon [_thread_blocked, id=2940, stack(0x000000a709700000,0x000000a709800000)]
  0x000001f1debaac10 JavaThread "JavaFX-Launcher" [_thread_blocked, id=17984, stack(0x000000a709900000,0x000000a709a00000)]
  0x000001f1deca22b0 JavaThread "QuantumRenderer-0" daemon [_thread_blocked, id=7960, stack(0x000000a709a00000,0x000000a709b00000)]
  0x000001f1df372b00 JavaThread "InvokeLaterDispatcher" daemon [_thread_blocked, id=7808, stack(0x000000a709b00000,0x000000a709c00000)]
  0x000001f1df7e0cb0 JavaThread "JavaFX Application Thread" [_thread_in_Java, id=7736, stack(0x000000a709c00000,0x000000a709d00000)]
  0x000001f1dfb503d0 JavaThread "Thread-2" daemon [_thread_in_native, id=15720, stack(0x000000a70a000000,0x000000a70a100000)]
  0x000001f1df7c8cb0 JavaThread "C1 CompilerThread3" daemon [_thread_blocked, id=18856, stack(0x000000a70a100000,0x000000a70a200000)]
  0x000001f1dfe35b50 JavaThread "Prism Font Disposer" daemon [_thread_blocked, id=10728, stack(0x000000a70a900000,0x000000a70aa00000)]

Other Threads:
  0x000001f1dde2cff0 VMThread "VM Thread" [stack: 0x000000a708800000,0x000000a708900000] [id=19476]
  0x000001f1debb8380 WatcherThread [stack: 0x000000a709800000,0x000000a709900000] [id=11560]
  0x000001f1bf3e0610 GCTaskThread "GC Thread#0" [stack: 0x000000a708300000,0x000000a708400000] [id=8148]
  0x000001f1dfc50190 GCTaskThread "GC Thread#1" [stack: 0x000000a70a200000,0x000000a70a300000] [id=13220]
  0x000001f1dfc50440 GCTaskThread "GC Thread#2" [stack: 0x000000a70a300000,0x000000a70a400000] [id=16316]
  0x000001f1df806010 GCTaskThread "GC Thread#3" [stack: 0x000000a70a400000,0x000000a70a500000] [id=3196]
  0x000001f1df806ef0 GCTaskThread "GC Thread#4" [stack: 0x000000a70a500000,0x000000a70a600000] [id=26328]
  0x000001f1df807bd0 GCTaskThread "GC Thread#5" [stack: 0x000000a70a600000,0x000000a70a700000] [id=25388]
  0x000001f1dfb0a890 GCTaskThread "GC Thread#6" [stack: 0x000000a70a700000,0x000000a70a800000] [id=3792]
  0x000001f1dfc17c00 GCTaskThread "GC Thread#7" [stack: 0x000000a70a800000,0x000000a70a900000] [id=3408]
  0x000001f1dfe8c390 GCTaskThread "GC Thread#8" [stack: 0x000000a70ad00000,0x000000a70ae00000] [id=14100]
  0x000001f1dfe8cba0 GCTaskThread "GC Thread#9" [stack: 0x000000a70ae00000,0x000000a70af00000] [id=6996]
  0x000001f1dfe8c8f0 GCTaskThread "GC Thread#10" [stack: 0x000000a70af00000,0x000000a70b000000] [id=25096]
  0x000001f1bf3f0c10 ConcurrentGCThread "G1 Main Marker" [stack: 0x000000a708400000,0x000000a708500000] [id=12620]
  0x000001f1bf3f1620 ConcurrentGCThread "G1 Conc#0" [stack: 0x000000a708500000,0x000000a708600000] [id=24564]
  0x000001f1bf44e840 ConcurrentGCThread "G1 Refine#0" [stack: 0x000000a708600000,0x000000a708700000] [id=26040]
  0x000001f1ddcd6840 ConcurrentGCThread "G1 Service" [stack: 0x000000a708700000,0x000000a708800000] [id=12304]

Threads with active compile tasks:
C2 CompilerThread0     1065 2052   !   4       java.util.WeakHashMap::expungeStaleEntries (139 bytes)
C2 CompilerThread1     1065 1853   !   4       jdk.internal.loader.BuiltinClassLoader::loadClassOrNull (143 bytes)

VM state: not at safepoint (normal execution)

VM Mutex/Monitor currently owned by a thread: None

Heap address: 0x0000000084a00000, size: 1974 MB, Compressed Oops mode: 32-bit

CDS archive(s) mapped at: [0x0000000800000000-0x0000000800bd0000-0x0000000800bd0000), size 12386304, SharedBaseAddress: 0x0000000800000000, ArchiveRelocationMode: 0.
Compressed class space mapped at: 0x0000000800c00000-0x0000000840c00000, reserved size: 1073741824
Narrow klass base: 0x0000000800000000, Narrow klass shift: 0, Narrow klass range: 0x100000000

GC Precious Log:
 CPUs: 16 total, 16 available
 Memory: 7893M
 Large Page Support: Disabled
 NUMA Support: Disabled
 Compressed Oops: Enabled (32-bit)
 Heap Region Size: 1M
 Heap Min Capacity: 8M
 Heap Initial Capacity: 124M
 Heap Max Capacity: 1974M
 Pre-touch: Disabled
 Parallel Workers: 13
 Concurrent Workers: 3
 Concurrent Refinement Workers: 13
 Periodic GC: Disabled

Heap:
 garbage-first heap   total 126976K, used 18350K [0x0000000084a00000, 0x0000000100000000)
  region size 1024K, 13 young (13312K), 4 survivors (4096K)
 Metaspace       used 13917K, committed 14144K, reserved 1064960K
  class space    used 2124K, committed 2240K, reserved 1048576K

Heap Regions: E=young(eden), S=young(survivor), O=old, HS=humongous(starts), HC=humongous(continues), CS=collection set, F=free, OA=open archive, CA=closed archive, TAMS=top-at-mark-start (previous, next)
|   0|0x0000000084a00000, 0x0000000084b00000, 0x0000000084b00000|100%|HS|  |TAMS 0x0000000084a00000, 0x0000000084a00000| Complete 
|   1|0x0000000084b00000, 0x0000000084c00000, 0x0000000084c00000|100%| O|  |TAMS 0x0000000084b00000, 0x0000000084b00000| Untracked 
|   2|0x0000000084c00000, 0x0000000084d00000, 0x0000000084d00000|100%| O|  |TAMS 0x0000000084c00000, 0x0000000084c00000| Untracked 
|   3|0x0000000084d00000, 0x0000000084e00000, 0x0000000084e00000|100%| O|  |TAMS 0x0000000084d00000, 0x0000000084d00000| Untracked 
|   4|0x0000000084e00000, 0x0000000084f00000, 0x0000000084f00000|100%| O|  |TAMS 0x0000000084e00000, 0x0000000084e00000| Untracked 
|   5|0x0000000084f00000, 0x0000000084feb800, 0x0000000085000000| 91%| O|  |TAMS 0x0000000084f00000, 0x0000000084f00000| Untracked 
|   6|0x0000000085000000, 0x0000000085000000, 0x0000000085100000|  0%| F|  |TAMS 0x0000000085000000, 0x0000000085000000| Untracked 
|   7|0x0000000085100000, 0x0000000085100000, 0x0000000085200000|  0%| F|  |TAMS 0x0000000085100000, 0x0000000085100000| Untracked 
|   8|0x0000000085200000, 0x0000000085200000, 0x0000000085300000|  0%| F|  |TAMS 0x0000000085200000, 0x0000000085200000| Untracked 
|   9|0x0000000085300000, 0x0000000085300000, 0x0000000085400000|  0%| F|  |TAMS 0x0000000085300000, 0x0000000085300000| Untracked 
|  10|0x0000000085400000, 0x0000000085400000, 0x0000000085500000|  0%| F|  |TAMS 0x0000000085400000, 0x0000000085400000| Untracked 
|  11|0x0000000085500000, 0x0000000085500000, 0x0000000085600000|  0%| F|  |TAMS 0x0000000085500000, 0x0000000085500000| Untracked 
|  12|0x0000000085600000, 0x0000000085600000, 0x0000000085700000|  0%| F|  |TAMS 0x0000000085600000, 0x0000000085600000| Untracked 
|  13|0x0000000085700000, 0x0000000085700000, 0x0000000085800000|  0%| F|  |TAMS 0x0000000085700000, 0x0000000085700000| Untracked 
|  14|0x0000000085800000, 0x0000000085800000, 0x0000000085900000|  0%| F|  |TAMS 0x0000000085800000, 0x0000000085800000| Untracked 
|  15|0x0000000085900000, 0x0000000085900000, 0x0000000085a00000|  0%| F|  |TAMS 0x0000000085900000, 0x0000000085900000| Untracked 
|  16|0x0000000085a00000, 0x0000000085a00000, 0x0000000085b00000|  0%| F|  |TAMS 0x0000000085a00000, 0x0000000085a00000| Untracked 
|  17|0x0000000085b00000, 0x0000000085b00000, 0x0000000085c00000|  0%| F|  |TAMS 0x0000000085b00000, 0x0000000085b00000| Untracked 
|  18|0x0000000085c00000, 0x0000000085c00000, 0x0000000085d00000|  0%| F|  |TAMS 0x0000000085c00000, 0x0000000085c00000| Untracked 
|  19|0x0000000085d00000, 0x0000000085d00000, 0x0000000085e00000|  0%| F|  |TAMS 0x0000000085d00000, 0x0000000085d00000| Untracked 
|  20|0x0000000085e00000, 0x0000000085e00000, 0x0000000085f00000|  0%| F|  |TAMS 0x0000000085e00000, 0x0000000085e00000| Untracked 
|  21|0x0000000085f00000, 0x0000000085f00000, 0x0000000086000000|  0%| F|  |TAMS 0x0000000085f00000, 0x0000000085f00000| Untracked 
|  22|0x0000000086000000, 0x0000000086000000, 0x0000000086100000|  0%| F|  |TAMS 0x0000000086000000, 0x0000000086000000| Untracked 
|  23|0x0000000086100000, 0x0000000086100000, 0x0000000086200000|  0%| F|  |TAMS 0x0000000086100000, 0x0000000086100000| Untracked 
|  24|0x0000000086200000, 0x0000000086200000, 0x0000000086300000|  0%| F|  |TAMS 0x0000000086200000, 0x0000000086200000| Untracked 
|  25|0x0000000086300000, 0x0000000086300000, 0x0000000086400000|  0%| F|  |TAMS 0x0000000086300000, 0x0000000086300000| Untracked 
|  26|0x0000000086400000, 0x0000000086400000, 0x0000000086500000|  0%| F|  |TAMS 0x0000000086400000, 0x0000000086400000| Untracked 
|  27|0x0000000086500000, 0x0000000086500000, 0x0000000086600000|  0%| F|  |TAMS 0x0000000086500000, 0x0000000086500000| Untracked 
|  28|0x0000000086600000, 0x0000000086600000, 0x0000000086700000|  0%| F|  |TAMS 0x0000000086600000, 0x0000000086600000| Untracked 
|  29|0x0000000086700000, 0x0000000086700000, 0x0000000086800000|  0%| F|  |TAMS 0x0000000086700000, 0x0000000086700000| Untracked 
|  30|0x0000000086800000, 0x0000000086800000, 0x0000000086900000|  0%| F|  |TAMS 0x0000000086800000, 0x0000000086800000| Untracked 
|  31|0x0000000086900000, 0x0000000086900000, 0x0000000086a00000|  0%| F|  |TAMS 0x0000000086900000, 0x0000000086900000| Untracked 
|  32|0x0000000086a00000, 0x0000000086a00000, 0x0000000086b00000|  0%| F|  |TAMS 0x0000000086a00000, 0x0000000086a00000| Untracked 
|  33|0x0000000086b00000, 0x0000000086b00000, 0x0000000086c00000|  0%| F|  |TAMS 0x0000000086b00000, 0x0000000086b00000| Untracked 
|  34|0x0000000086c00000, 0x0000000086c00000, 0x0000000086d00000|  0%| F|  |TAMS 0x0000000086c00000, 0x0000000086c00000| Untracked 
|  35|0x0000000086d00000, 0x0000000086d00000, 0x0000000086e00000|  0%| F|  |TAMS 0x0000000086d00000, 0x0000000086d00000| Untracked 
|  36|0x0000000086e00000, 0x0000000086e00000, 0x0000000086f00000|  0%| F|  |TAMS 0x0000000086e00000, 0x0000000086e00000| Untracked 
|  37|0x0000000086f00000, 0x0000000086f00000, 0x0000000087000000|  0%| F|  |TAMS 0x0000000086f00000, 0x0000000086f00000| Untracked 
|  38|0x0000000087000000, 0x0000000087000000, 0x0000000087100000|  0%| F|  |TAMS 0x0000000087000000, 0x0000000087000000| Untracked 
|  39|0x0000000087100000, 0x0000000087100000, 0x0000000087200000|  0%| F|  |TAMS 0x0000000087100000, 0x0000000087100000| Untracked 
|  40|0x0000000087200000, 0x0000000087200000, 0x0000000087300000|  0%| F|  |TAMS 0x0000000087200000, 0x0000000087200000| Untracked 
|  41|0x0000000087300000, 0x0000000087300000, 0x0000000087400000|  0%| F|  |TAMS 0x0000000087300000, 0x0000000087300000| Untracked 
|  42|0x0000000087400000, 0x0000000087400000, 0x0000000087500000|  0%| F|  |TAMS 0x0000000087400000, 0x0000000087400000| Untracked 
|  43|0x0000000087500000, 0x0000000087500000, 0x0000000087600000|  0%| F|  |TAMS 0x0000000087500000, 0x0000000087500000| Untracked 
|  44|0x0000000087600000, 0x0000000087600000, 0x0000000087700000|  0%| F|  |TAMS 0x0000000087600000, 0x0000000087600000| Untracked 
|  45|0x0000000087700000, 0x0000000087700000, 0x0000000087800000|  0%| F|  |TAMS 0x0000000087700000, 0x0000000087700000| Untracked 
|  46|0x0000000087800000, 0x0000000087800000, 0x0000000087900000|  0%| F|  |TAMS 0x0000000087800000, 0x0000000087800000| Untracked 
|  47|0x0000000087900000, 0x0000000087900000, 0x0000000087a00000|  0%| F|  |TAMS 0x0000000087900000, 0x0000000087900000| Untracked 
|  48|0x0000000087a00000, 0x0000000087a00000, 0x0000000087b00000|  0%| F|  |TAMS 0x0000000087a00000, 0x0000000087a00000| Untracked 
|  49|0x0000000087b00000, 0x0000000087b00000, 0x0000000087c00000|  0%| F|  |TAMS 0x0000000087b00000, 0x0000000087b00000| Untracked 
|  50|0x0000000087c00000, 0x0000000087c00000, 0x0000000087d00000|  0%| F|  |TAMS 0x0000000087c00000, 0x0000000087c00000| Untracked 
|  51|0x0000000087d00000, 0x0000000087d00000, 0x0000000087e00000|  0%| F|  |TAMS 0x0000000087d00000, 0x0000000087d00000| Untracked 
|  52|0x0000000087e00000, 0x0000000087e00000, 0x0000000087f00000|  0%| F|  |TAMS 0x0000000087e00000, 0x0000000087e00000| Untracked 
|  53|0x0000000087f00000, 0x0000000087f00000, 0x0000000088000000|  0%| F|  |TAMS 0x0000000087f00000, 0x0000000087f00000| Untracked 
|  54|0x0000000088000000, 0x0000000088000000, 0x0000000088100000|  0%| F|  |TAMS 0x0000000088000000, 0x0000000088000000| Untracked 
|  55|0x0000000088100000, 0x0000000088100000, 0x0000000088200000|  0%| F|  |TAMS 0x0000000088100000, 0x0000000088100000| Untracked 
|  56|0x0000000088200000, 0x0000000088200000, 0x0000000088300000|  0%| F|  |TAMS 0x0000000088200000, 0x0000000088200000| Untracked 
|  57|0x0000000088300000, 0x0000000088300000, 0x0000000088400000|  0%| F|  |TAMS 0x0000000088300000, 0x0000000088300000| Untracked 
|  58|0x0000000088400000, 0x0000000088400000, 0x0000000088500000|  0%| F|  |TAMS 0x0000000088400000, 0x0000000088400000| Untracked 
|  59|0x0000000088500000, 0x0000000088500000, 0x0000000088600000|  0%| F|  |TAMS 0x0000000088500000, 0x0000000088500000| Untracked 
|  60|0x0000000088600000, 0x0000000088600000, 0x0000000088700000|  0%| F|  |TAMS 0x0000000088600000, 0x0000000088600000| Untracked 
|  61|0x0000000088700000, 0x0000000088700000, 0x0000000088800000|  0%| F|  |TAMS 0x0000000088700000, 0x0000000088700000| Untracked 
|  62|0x0000000088800000, 0x0000000088800000, 0x0000000088900000|  0%| F|  |TAMS 0x0000000088800000, 0x0000000088800000| Untracked 
|  63|0x0000000088900000, 0x0000000088900000, 0x0000000088a00000|  0%| F|  |TAMS 0x0000000088900000, 0x0000000088900000| Untracked 
|  64|0x0000000088a00000, 0x0000000088a00000, 0x0000000088b00000|  0%| F|  |TAMS 0x0000000088a00000, 0x0000000088a00000| Untracked 
|  65|0x0000000088b00000, 0x0000000088b00000, 0x0000000088c00000|  0%| F|  |TAMS 0x0000000088b00000, 0x0000000088b00000| Untracked 
|  66|0x0000000088c00000, 0x0000000088c00000, 0x0000000088d00000|  0%| F|  |TAMS 0x0000000088c00000, 0x0000000088c00000| Untracked 
|  67|0x0000000088d00000, 0x0000000088d00000, 0x0000000088e00000|  0%| F|  |TAMS 0x0000000088d00000, 0x0000000088d00000| Untracked 
|  68|0x0000000088e00000, 0x0000000088e00000, 0x0000000088f00000|  0%| F|  |TAMS 0x0000000088e00000, 0x0000000088e00000| Untracked 
|  69|0x0000000088f00000, 0x0000000088f00000, 0x0000000089000000|  0%| F|  |TAMS 0x0000000088f00000, 0x0000000088f00000| Untracked 
|  70|0x0000000089000000, 0x0000000089000000, 0x0000000089100000|  0%| F|  |TAMS 0x0000000089000000, 0x0000000089000000| Untracked 
|  71|0x0000000089100000, 0x0000000089100000, 0x0000000089200000|  0%| F|  |TAMS 0x0000000089100000, 0x0000000089100000| Untracked 
|  72|0x0000000089200000, 0x0000000089200000, 0x0000000089300000|  0%| F|  |TAMS 0x0000000089200000, 0x0000000089200000| Untracked 
|  73|0x0000000089300000, 0x0000000089300000, 0x0000000089400000|  0%| F|  |TAMS 0x0000000089300000, 0x0000000089300000| Untracked 
|  74|0x0000000089400000, 0x0000000089400000, 0x0000000089500000|  0%| F|  |TAMS 0x0000000089400000, 0x0000000089400000| Untracked 
|  75|0x0000000089500000, 0x0000000089500000, 0x0000000089600000|  0%| F|  |TAMS 0x0000000089500000, 0x0000000089500000| Untracked 
|  76|0x0000000089600000, 0x0000000089600000, 0x0000000089700000|  0%| F|  |TAMS 0x0000000089600000, 0x0000000089600000| Untracked 
|  77|0x0000000089700000, 0x0000000089700000, 0x0000000089800000|  0%| F|  |TAMS 0x0000000089700000, 0x0000000089700000| Untracked 
|  78|0x0000000089800000, 0x0000000089800000, 0x0000000089900000|  0%| F|  |TAMS 0x0000000089800000, 0x0000000089800000| Untracked 
|  79|0x0000000089900000, 0x0000000089900000, 0x0000000089a00000|  0%| F|  |TAMS 0x0000000089900000, 0x0000000089900000| Untracked 
|  80|0x0000000089a00000, 0x0000000089a00000, 0x0000000089b00000|  0%| F|  |TAMS 0x0000000089a00000, 0x0000000089a00000| Untracked 
|  81|0x0000000089b00000, 0x0000000089b00000, 0x0000000089c00000|  0%| F|  |TAMS 0x0000000089b00000, 0x0000000089b00000| Untracked 
|  82|0x0000000089c00000, 0x0000000089c00000, 0x0000000089d00000|  0%| F|  |TAMS 0x0000000089c00000, 0x0000000089c00000| Untracked 
|  83|0x0000000089d00000, 0x0000000089d00000, 0x0000000089e00000|  0%| F|  |TAMS 0x0000000089d00000, 0x0000000089d00000| Untracked 
|  84|0x0000000089e00000, 0x0000000089e00000, 0x0000000089f00000|  0%| F|  |TAMS 0x0000000089e00000, 0x0000000089e00000| Untracked 
|  85|0x0000000089f00000, 0x0000000089f00000, 0x000000008a000000|  0%| F|  |TAMS 0x0000000089f00000, 0x0000000089f00000| Untracked 
|  86|0x000000008a000000, 0x000000008a000000, 0x000000008a100000|  0%| F|  |TAMS 0x000000008a000000, 0x000000008a000000| Untracked 
|  87|0x000000008a100000, 0x000000008a100000, 0x000000008a200000|  0%| F|  |TAMS 0x000000008a100000, 0x000000008a100000| Untracked 
|  88|0x000000008a200000, 0x000000008a300000, 0x000000008a300000|100%| S|CS|TAMS 0x000000008a200000, 0x000000008a200000| Complete 
|  89|0x000000008a300000, 0x000000008a400000, 0x000000008a400000|100%| S|CS|TAMS 0x000000008a300000, 0x000000008a300000| Complete 
|  90|0x000000008a400000, 0x000000008a500000, 0x000000008a500000|100%| S|CS|TAMS 0x000000008a400000, 0x000000008a400000| Complete 
|  91|0x000000008a500000, 0x000000008a600000, 0x000000008a600000|100%| S|CS|TAMS 0x000000008a500000, 0x000000008a500000| Complete 
|  92|0x000000008a600000, 0x000000008a600000, 0x000000008a700000|  0%| F|  |TAMS 0x000000008a600000, 0x000000008a600000| Untracked 
|  93|0x000000008a700000, 0x000000008a700000, 0x000000008a800000|  0%| F|  |TAMS 0x000000008a700000, 0x000000008a700000| Untracked 
|  94|0x000000008a800000, 0x000000008a800000, 0x000000008a900000|  0%| F|  |TAMS 0x000000008a800000, 0x000000008a800000| Untracked 
|  95|0x000000008a900000, 0x000000008a900000, 0x000000008aa00000|  0%| F|  |TAMS 0x000000008a900000, 0x000000008a900000| Untracked 
|  96|0x000000008aa00000, 0x000000008aa00000, 0x000000008ab00000|  0%| F|  |TAMS 0x000000008aa00000, 0x000000008aa00000| Untracked 
|  97|0x000000008ab00000, 0x000000008ab00000, 0x000000008ac00000|  0%| F|  |TAMS 0x000000008ab00000, 0x000000008ab00000| Untracked 
|  98|0x000000008ac00000, 0x000000008ac00000, 0x000000008ad00000|  0%| F|  |TAMS 0x000000008ac00000, 0x000000008ac00000| Untracked 
|  99|0x000000008ad00000, 0x000000008ad00000, 0x000000008ae00000|  0%| F|  |TAMS 0x000000008ad00000, 0x000000008ad00000| Untracked 
| 100|0x000000008ae00000, 0x000000008ae00000, 0x000000008af00000|  0%| F|  |TAMS 0x000000008ae00000, 0x000000008ae00000| Untracked 
| 101|0x000000008af00000, 0x000000008af00000, 0x000000008b000000|  0%| F|  |TAMS 0x000000008af00000, 0x000000008af00000| Untracked 
| 102|0x000000008b000000, 0x000000008b000000, 0x000000008b100000|  0%| F|  |TAMS 0x000000008b000000, 0x000000008b000000| Untracked 
| 103|0x000000008b100000, 0x000000008b100000, 0x000000008b200000|  0%| F|  |TAMS 0x000000008b100000, 0x000000008b100000| Untracked 
| 104|0x000000008b200000, 0x000000008b200000, 0x000000008b300000|  0%| F|  |TAMS 0x000000008b200000, 0x000000008b200000| Untracked 
| 105|0x000000008b300000, 0x000000008b300000, 0x000000008b400000|  0%| F|  |TAMS 0x000000008b300000, 0x000000008b300000| Untracked 
| 106|0x000000008b400000, 0x000000008b400000, 0x000000008b500000|  0%| F|  |TAMS 0x000000008b400000, 0x000000008b400000| Untracked 
| 107|0x000000008b500000, 0x000000008b500000, 0x000000008b600000|  0%| F|  |TAMS 0x000000008b500000, 0x000000008b500000| Untracked 
| 108|0x000000008b600000, 0x000000008b600000, 0x000000008b700000|  0%| F|  |TAMS 0x000000008b600000, 0x000000008b600000| Untracked 
| 109|0x000000008b700000, 0x000000008b700000, 0x000000008b800000|  0%| F|  |TAMS 0x000000008b700000, 0x000000008b700000| Untracked 
| 110|0x000000008b800000, 0x000000008b800000, 0x000000008b900000|  0%| F|  |TAMS 0x000000008b800000, 0x000000008b800000| Untracked 
| 111|0x000000008b900000, 0x000000008b900000, 0x000000008ba00000|  0%| F|  |TAMS 0x000000008b900000, 0x000000008b900000| Untracked 
| 112|0x000000008ba00000, 0x000000008ba00000, 0x000000008bb00000|  0%| F|  |TAMS 0x000000008ba00000, 0x000000008ba00000| Untracked 
| 113|0x000000008bb00000, 0x000000008bb00000, 0x000000008bc00000|  0%| F|  |TAMS 0x000000008bb00000, 0x000000008bb00000| Untracked 
| 114|0x000000008bc00000, 0x000000008bc80800, 0x000000008bd00000| 50%| E|  |TAMS 0x000000008bc00000, 0x000000008bc00000| Complete 
| 115|0x000000008bd00000, 0x000000008be00000, 0x000000008be00000|100%| E|CS|TAMS 0x000000008bd00000, 0x000000008bd00000| Complete 
| 116|0x000000008be00000, 0x000000008bf00000, 0x000000008bf00000|100%| E|CS|TAMS 0x000000008be00000, 0x000000008be00000| Complete 
| 117|0x000000008bf00000, 0x000000008c000000, 0x000000008c000000|100%| E|CS|TAMS 0x000000008bf00000, 0x000000008bf00000| Complete 
| 118|0x000000008c000000, 0x000000008c100000, 0x000000008c100000|100%| E|CS|TAMS 0x000000008c000000, 0x000000008c000000| Complete 
| 119|0x000000008c100000, 0x000000008c200000, 0x000000008c200000|100%| E|CS|TAMS 0x000000008c100000, 0x000000008c100000| Complete 
| 120|0x000000008c200000, 0x000000008c300000, 0x000000008c300000|100%| E|CS|TAMS 0x000000008c200000, 0x000000008c200000| Complete 
| 121|0x000000008c300000, 0x000000008c400000, 0x000000008c400000|100%| E|CS|TAMS 0x000000008c300000, 0x000000008c300000| Complete 
| 122|0x000000008c400000, 0x000000008c500000, 0x000000008c500000|100%| E|CS|TAMS 0x000000008c400000, 0x000000008c400000| Complete 
| 123|0x000000008c500000, 0x000000008c600000, 0x000000008c600000|100%| E|CS|TAMS 0x000000008c500000, 0x000000008c500000| Complete 

Card table byte_map: [0x000001f1d6880000,0x000001f1d6c60000] _byte_map_base: 0x000001f1d645b000

Marking Bits (Prev, Next): (CMBitMap*) 0x000001f1bf3e0c20, (CMBitMap*) 0x000001f1bf3e0c60
 Prev Bits: [0x000001f1d7040000, 0x000001f1d8f18000)
 Next Bits: [0x000001f1d8f20000, 0x000001f1dadf8000)

Polling page: 0x000001f1beb50000

Metaspace:

Usage:
  Non-class:     11.53 MB used.
      Class:      2.08 MB used.
       Both:     13.61 MB used.

Virtual space:
  Non-class space:       16.00 MB reserved,      11.62 MB ( 73%) committed,  2 nodes.
      Class space:        1.00 GB reserved,       2.19 MB ( <1%) committed,  1 nodes.
             Both:        1.02 GB reserved,      13.81 MB (  1%) committed. 

Chunk freelists:
   Non-Class:  5.00 KB
       Class:  1.76 MB
        Both:  1.77 MB

MaxMetaspaceSize: unlimited
CompressedClassSpaceSize: 1.00 GB
Initial GC threshold: 21.00 MB
Current GC threshold: 21.00 MB
CDS: on
MetaspaceReclaimPolicy: balanced
 - commit_granule_bytes: 65536.
 - commit_granule_words: 8192.
 - virtual_space_node_default_size: 1048576.
 - enlarge_chunks_in_place: 1.
 - new_chunks_are_fully_committed: 0.
 - uncommit_free_chunks: 1.
 - use_allocation_guard: 0.
 - handle_deallocations: 1.


Internal statistics:

num_allocs_failed_limit: 0.
num_arena_births: 150.
num_arena_deaths: 0.
num_vsnodes_births: 3.
num_vsnodes_deaths: 0.
num_space_committed: 221.
num_space_uncommitted: 0.
num_chunks_returned_to_freelist: 0.
num_chunks_taken_from_freelist: 551.
num_chunk_merges: 0.
num_chunk_splits: 391.
num_chunks_enlarged: 320.
num_purges: 0.
num_inconsistent_stats: 0.

CodeHeap 'non-profiled nmethods': size=119168Kb used=1060Kb max_used=1060Kb free=118107Kb
 bounds [0x000001f1ce7a0000, 0x000001f1cea10000, 0x000001f1d5c00000]
CodeHeap 'profiled nmethods': size=119104Kb used=4252Kb max_used=4252Kb free=114851Kb
 bounds [0x000001f1c6c00000, 0x000001f1c7030000, 0x000001f1ce050000]
CodeHeap 'non-nmethods': size=7488Kb used=3062Kb max_used=3153Kb free=4426Kb
 bounds [0x000001f1ce050000, 0x000001f1ce370000, 0x000001f1ce7a0000]
 total_blobs=2758 nmethods=2050 adapters=618
 compilation: enabled
              stopped_count=0, restarted_count=0
 full_count=0

Compilation events (20 events):
Event: 1.045 Thread 0x000001f1de8b8a60 nmethod 2003 0x000001f1c7016290 code [0x000001f1c7016460, 0x000001f1c7016858]
Event: 1.045 Thread 0x000001f1de8b8a60 2005       3       sun.nio.cs.UnicodeDecoder::decode (24 bytes)
Event: 1.045 Thread 0x000001f1de8b7f40 nmethod 2001 0x000001f1c7016990 code [0x000001f1c7016b40, 0x000001f1c7016d28]
Event: 1.045 Thread 0x000001f1df7c8cb0 nmethod 2004 0x000001f1c7016e10 code [0x000001f1c7016fc0, 0x000001f1c7017188]
Event: 1.045 Thread 0x000001f1de8b7f40 2006       3       java.nio.HeapCharBuffer::put (16 bytes)
Event: 1.045 Thread 0x000001f1df7c8cb0 2007       3       java.nio.HeapCharBuffer::ix (7 bytes)
Event: 1.045 Thread 0x000001f1de8b8a60 nmethod 2005 0x000001f1c7017290 code [0x000001f1c7017420, 0x000001f1c70175b8]
Event: 1.045 Thread 0x000001f1de8b8a60 2002       3       java.util.EnumSet::typeCheck (59 bytes)
Event: 1.045 Thread 0x000001f1df7c8cb0 nmethod 2007 0x000001f1c7017690 code [0x000001f1c7017820, 0x000001f1c7017938]
Event: 1.045 Thread 0x000001f1dde52920 nmethod 1981 0x000001f1c700af10 code [0x000001f1c700b9c0, 0x000001f1c7013568]
Event: 1.045 Thread 0x000001f1dde52920 2008       3       java.lang.ref.WeakReference::<init> (6 bytes)
Event: 1.045 Thread 0x000001f1de8b7f40 nmethod 2006 0x000001f1c7017a10 code [0x000001f1c7017be0, 0x000001f1c7017ec8]
Event: 1.046 Thread 0x000001f1dde4e370 2009       4       com.sun.javafx.collections.ObservableListWrapper::size (10 bytes)
Event: 1.046 Thread 0x000001f1dde52920 nmethod 2008 0x000001f1c7018090 code [0x000001f1c7018240, 0x000001f1c7018558]
Event: 1.046 Thread 0x000001f1de8b8a60 nmethod 2002 0x000001f1c7018690 code [0x000001f1c7018940, 0x000001f1c7019438]
Event: 1.046 Thread 0x000001f1dde4e370 nmethod 2009 0x000001f1ce8a6990 code [0x000001f1ce8a6b00, 0x000001f1ce8a6bb8]
Event: 1.046 Thread 0x000001f1dde4e370 2010       4       java.util.ArrayList::isEmpty (13 bytes)
Event: 1.046 Thread 0x000001f1dde4e370 nmethod 2010 0x000001f1ce8a6c90 code [0x000001f1ce8a6e00, 0x000001f1ce8a6e98]
Event: 1.046 Thread 0x000001f1de8b8a60 2011       3       javafx.scene.Scene::getRoot (22 bytes)
Event: 1.046 Thread 0x000001f1de8b8a60 nmethod 2011 0x000001f1c7019810 code [0x000001f1c70199e0, 0x000001f1c7019e68]

GC Heap History (4 events):
Event: 0.402 GC heap before
{Heap before GC invocations=0 (full 0):
 garbage-first heap   total 126976K, used 23552K [0x0000000084a00000, 0x0000000100000000)
  region size 1024K, 23 young (23552K), 0 survivors (0K)
 Metaspace       used 5834K, committed 6016K, reserved 1056768K
  class space    used 693K, committed 768K, reserved 1048576K
}
Event: 0.405 GC heap after
{Heap after GC invocations=1 (full 0):
 garbage-first heap   total 126976K, used 6218K [0x0000000084a00000, 0x0000000100000000)
  region size 1024K, 3 young (3072K), 3 survivors (3072K)
 Metaspace       used 5834K, committed 6016K, reserved 1056768K
  class space    used 693K, committed 768K, reserved 1048576K
}
Event: 0.894 GC heap before
{Heap before GC invocations=1 (full 0):
 garbage-first heap   total 126976K, used 35914K [0x0000000084a00000, 0x0000000100000000)
  region size 1024K, 32 young (32768K), 3 survivors (3072K)
 Metaspace       used 11623K, committed 11904K, reserved 1064960K
  class space    used 1589K, committed 1728K, reserved 1048576K
}
Event: 0.898 GC heap after
{Heap after GC invocations=2 (full 0):
 garbage-first heap   total 126976K, used 10158K [0x0000000084a00000, 0x0000000100000000)
  region size 1024K, 4 young (4096K), 4 survivors (4096K)
 Metaspace       used 11623K, committed 11904K, reserved 1064960K
  class space    used 1589K, committed 1728K, reserved 1048576K
}

Deoptimization events (20 events):
Event: 0.997 Thread 0x000001f1df7e0cb0 DEOPT PACKING pc=0x000001f1ce801bf4 sp=0x000000a709cfd3b0
Event: 0.997 Thread 0x000001f1df7e0cb0 DEOPT UNPACKING pc=0x000001f1ce0a5ba3 sp=0x000000a709cfd350 mode 2
Event: 0.999 Thread 0x000001f1df7e0cb0 Uncommon trap: trap_request=0xffffff45 fr.pc=0x000001f1ce855c34 relative=0x0000000000000474
Event: 0.999 Thread 0x000001f1df7e0cb0 Uncommon trap: reason=unstable_if action=reinterpret pc=0x000001f1ce855c34 method=java.util.HashMap.hash(Ljava/lang/Object;)I @ 1 c2
Event: 0.999 Thread 0x000001f1df7e0cb0 DEOPT PACKING pc=0x000001f1ce855c34 sp=0x000000a709cfd340
Event: 0.999 Thread 0x000001f1df7e0cb0 DEOPT UNPACKING pc=0x000001f1ce0a5ba3 sp=0x000000a709cfd1e8 mode 2
Event: 1.003 Thread 0x000001f1df7e0cb0 Uncommon trap: trap_request=0xffffff45 fr.pc=0x000001f1ce85aae0 relative=0x0000000000000240
Event: 1.003 Thread 0x000001f1df7e0cb0 Uncommon trap: reason=unstable_if action=reinterpret pc=0x000001f1ce85aae0 method=java.util.HashMap.hash(Ljava/lang/Object;)I @ 1 c2
Event: 1.003 Thread 0x000001f1df7e0cb0 DEOPT PACKING pc=0x000001f1ce85aae0 sp=0x000000a709cfd3c0
Event: 1.003 Thread 0x000001f1df7e0cb0 DEOPT UNPACKING pc=0x000001f1ce0a5ba3 sp=0x000000a709cfd2c8 mode 2
Event: 1.003 Thread 0x000001f1df7e0cb0 Uncommon trap: trap_request=0xffffff45 fr.pc=0x000001f1ce85af98 relative=0x0000000000000098
Event: 1.003 Thread 0x000001f1df7e0cb0 Uncommon trap: reason=unstable_if action=reinterpret pc=0x000001f1ce85af98 method=java.util.HashMap.hash(Ljava/lang/Object;)I @ 1 c2
Event: 1.003 Thread 0x000001f1df7e0cb0 DEOPT PACKING pc=0x000001f1ce85af98 sp=0x000000a709cfd3d0
Event: 1.003 Thread 0x000001f1df7e0cb0 DEOPT UNPACKING pc=0x000001f1ce0a5ba3 sp=0x000000a709cfd368 mode 2
Event: 1.026 Thread 0x000001f1df7e0cb0 DEOPT PACKING pc=0x000001f1c6e7e06a sp=0x000000a709cfc950
Event: 1.026 Thread 0x000001f1df7e0cb0 DEOPT UNPACKING pc=0x000001f1ce0a66e3 sp=0x000000a709cfbe60 mode 0
Event: 1.026 Thread 0x000001f1df7e0cb0 Uncommon trap: trap_request=0xffffff45 fr.pc=0x000001f1ce89f064 relative=0x0000000000000864
Event: 1.026 Thread 0x000001f1df7e0cb0 Uncommon trap: reason=unstable_if action=reinterpret pc=0x000001f1ce89f064 method=com.sun.javafx.css.BitSet.containsAll(Ljava/util/Collection;)Z @ 61 c2
Event: 1.026 Thread 0x000001f1df7e0cb0 DEOPT PACKING pc=0x000001f1ce89f064 sp=0x000000a709cfd1c0
Event: 1.026 Thread 0x000001f1df7e0cb0 DEOPT UNPACKING pc=0x000001f1ce0a5ba3 sp=0x000000a709cfd158 mode 2

Classes unloaded (0 events):
No events

Classes redefined (0 events):
No events

Internal exceptions (20 events):
Event: 0.110 Thread 0x000001f1debaac10 Exception <a 'java/lang/NoSuchMethodError'{0x000000008be3f8c8}: 'void java.lang.invoke.DirectMethodHandle$Holder.invokeSpecial(java.lang.Object, java.lang.Object, java.lang.Object)'> (0x000000008be3f8c8) 
thrown [s\open\src\hotspot\share\interpreter\linkResolver.cpp, line 759]
Event: 0.115 Thread 0x000001f1debaac10 Exception <a 'java/lang/ClassNotFoundException'{0x000000008be6b700}: sun/util/logging/resources/spi/loggingProvider> (0x000000008be6b700) 
thrown [s\open\src\hotspot\share\classfile\systemDictionary.cpp, line 256]
Event: 0.251 Thread 0x000001f1debaac10 Exception <a 'java/lang/NoSuchMethodError'{0x000000008b83b2e8}: 'void java.lang.invoke.DirectMethodHandle$Holder.invokeStatic(java.lang.Object, java.lang.Object, java.lang.Object)'> (0x000000008b83b2e8) 
thrown [s\open\src\hotspot\share\interpreter\linkResolver.cpp, line 759]
Event: 0.271 Thread 0x000001f1debaac10 Exception <a 'java/lang/NoSuchMethodError'{0x000000008b8559a0}: 'int java.lang.invoke.DirectMethodHandle$Holder.invokeStaticInit(java.lang.Object, java.lang.Object, java.lang.Object)'> (0x000000008b8559a0) 
thrown [s\open\src\hotspot\share\interpreter\linkResolver.cpp, line 759]
Event: 0.285 Thread 0x000001f1debaac10 Exception <a 'java/lang/NoSuchMethodError'{0x000000008b7785b0}: 'java.lang.Object java.lang.invoke.DirectMethodHandle$Holder.newInvokeSpecial(java.lang.Object, java.lang.Object, int, java.lang.Object)'> (0x000000008b7785b0) 
thrown [s\open\src\hotspot\share\interpreter\linkResolver.cpp, line 759]
Event: 0.285 Thread 0x000001f1debaac10 Exception <a 'java/lang/NoSuchMethodError'{0x000000008b77c6e8}: 'java.lang.Object java.lang.invoke.DirectMethodHandle$Holder.invokeSpecial(java.lang.Object, java.lang.Object, java.lang.Object, int, java.lang.Object)'> (0x000000008b77c6e8) 
thrown [s\open\src\hotspot\share\interpreter\linkResolver.cpp, line 759]
Event: 0.332 Thread 0x000001f1df7e0cb0 Exception <a 'java/lang/NoSuchMethodError'{0x000000008b439f30}: 'void java.lang.invoke.DirectMethodHandle$Holder.invokeStaticInit(java.lang.Object)'> (0x000000008b439f30) 
thrown [s\open\src\hotspot\share\interpreter\linkResolver.cpp, line 759]
Event: 0.334 Thread 0x000001f1debaac10 Exception <a 'java/lang/NoSuchMethodError'{0x000000008b4787c8}: 'void java.lang.invoke.DirectMethodHandle$Holder.invokeStatic(java.lang.Object, java.lang.Object, java.lang.Object, java.lang.Object)'> (0x000000008b4787c8) 
thrown [s\open\src\hotspot\share\interpreter\linkResolver.cpp, line 759]
Event: 0.420 Thread 0x000001f1df7e0cb0 Exception <a 'java/lang/NoSuchMethodError'{0x000000008c3a1c10}: 'java.lang.Object java.lang.invoke.DirectMethodHandle$Holder.invokeInterface(java.lang.Object, java.lang.Object)'> (0x000000008c3a1c10) 
thrown [s\open\src\hotspot\share\interpreter\linkResolver.cpp, line 759]
Event: 0.608 Thread 0x000001f1df7e0cb0 Exception <a 'java/lang/NoSuchMethodError'{0x000000008b61bd90}: 'java.lang.Object java.lang.invoke.DirectMethodHandle$Holder.invokeStaticInit(java.lang.Object, java.lang.Object, java.lang.Object, java.lang.Object)'> (0x000000008b61bd90) 
thrown [s\open\src\hotspot\share\interpreter\linkResolver.cpp, line 759]
Event: 0.609 Thread 0x000001f1df7e0cb0 Exception <a 'java/lang/NullPointerException'{0x000000008b6268b0}> (0x000000008b6268b0) 
thrown [s\open\src\hotspot\share\interpreter\linkResolver.cpp, line 1350]
Event: 0.718 Thread 0x000001f1df7e0cb0 Exception <a 'java/lang/NoSuchMethodError'{0x000000008b0a4f28}: 'void java.lang.invoke.DirectMethodHandle$Holder.invokeStaticInit(java.lang.Object, java.lang.Object)'> (0x000000008b0a4f28) 
thrown [s\open\src\hotspot\share\interpreter\linkResolver.cpp, line 759]
Event: 0.722 Thread 0x000001f1df7e0cb0 Exception <a 'java/lang/NoSuchMethodError'{0x000000008af1a188}: 'void java.lang.invoke.DirectMethodHandle$Holder.invokeSpecial(java.lang.Object, java.lang.Object, java.lang.Object, java.lang.Object, java.lang.Object)'> (0x000000008af1a188) 
thrown [s\open\src\hotspot\share\interpreter\linkResolver.cpp, line 759]
Event: 0.787 Thread 0x000001f1df7e0cb0 Exception <a 'java/io/FileNotFoundException'{0x000000008aae4e50}> (0x000000008aae4e50) 
thrown [s\open\src\hotspot\share\prims\jni.cpp, line 516]
Event: 0.938 Thread 0x000001f1df7e0cb0 Exception <a 'java/lang/NoSuchMethodError'{0x000000008c499418}: 'java.lang.Object java.lang.invoke.DirectMethodHandle$Holder.invokeInterface(java.lang.Object, java.lang.Object, java.lang.Object)'> (0x000000008c499418) 
thrown [s\open\src\hotspot\share\interpreter\linkResolver.cpp, line 759]
Event: 0.938 Thread 0x000001f1df7e0cb0 Exception <a 'java/lang/IncompatibleClassChangeError'{0x000000008c49cda0}: Found class java.lang.Object, but interface was expected> (0x000000008c49cda0) 
thrown [s\open\src\hotspot\share\interpreter\linkResolver.cpp, line 826]
Event: 0.997 Thread 0x000001f1df7e0cb0 Implicit null exception at 0x000001f1ce8011de to 0x000001f1ce801bd8
Event: 0.999 Thread 0x000001f1df7e0cb0 Implicit null exception at 0x000001f1ce855811 to 0x000001f1ce855c18
Event: 1.003 Thread 0x000001f1df7e0cb0 Implicit null exception at 0x000001f1ce85a8f1 to 0x000001f1ce85aac8
Event: 1.003 Thread 0x000001f1df7e0cb0 Implicit null exception at 0x000001f1ce85af0f to 0x000001f1ce85af89

VM Operations (20 events):
Event: 0.076 Executing VM operation: HandshakeAllThreads
Event: 0.076 Executing VM operation: HandshakeAllThreads done
Event: 0.127 Executing VM operation: HandshakeAllThreads
Event: 0.127 Executing VM operation: HandshakeAllThreads done
Event: 0.139 Executing VM operation: HandshakeAllThreads
Event: 0.139 Executing VM operation: HandshakeAllThreads done
Event: 0.278 Executing VM operation: HandshakeAllThreads
Event: 0.278 Executing VM operation: HandshakeAllThreads done
Event: 0.287 Executing VM operation: HandshakeAllThreads
Event: 0.287 Executing VM operation: HandshakeAllThreads done
Event: 0.401 Executing VM operation: G1CollectForAllocation
Event: 0.405 Executing VM operation: G1CollectForAllocation done
Event: 0.714 Executing VM operation: ICBufferFull
Event: 0.714 Executing VM operation: ICBufferFull done
Event: 0.808 Executing VM operation: HandshakeAllThreads
Event: 0.808 Executing VM operation: HandshakeAllThreads done
Event: 0.809 Executing VM operation: HandshakeAllThreads
Event: 0.809 Executing VM operation: HandshakeAllThreads done
Event: 0.894 Executing VM operation: G1CollectForAllocation
Event: 0.898 Executing VM operation: G1CollectForAllocation done

Events (20 events):
Event: 0.810 loading class java/text/FieldPosition$Delegate done
Event: 0.859 loading class java/lang/StrictMath
Event: 0.859 loading class java/lang/StrictMath done
Event: 0.900 loading class jdk/jfr/FlightRecorder
Event: 0.901 loading class jdk/jfr/FlightRecorder done
Event: 0.905 loading class java/util/zip/ZipFile$ZipEntryIterator
Event: 0.905 loading class java/util/zip/ZipFile$ZipEntryIterator done
Event: 1.046 loading class java/text/Bidi
Event: 1.046 loading class java/text/Bidi done
Event: 1.047 loading class jdk/internal/icu/text/BidiBase
Event: 1.047 loading class jdk/internal/icu/text/BidiBase done
Event: 1.047 loading class jdk/internal/icu/text/BidiBase$ImpTabPair
Event: 1.047 loading class jdk/internal/icu/text/BidiBase$ImpTabPair done
Event: 1.048 loading class jdk/internal/icu/text/BidiRun
Event: 1.048 loading class jdk/internal/icu/text/BidiRun done
Event: 1.048 loading class jdk/internal/icu/text/BidiBase$InsertPoints
Event: 1.048 loading class jdk/internal/icu/text/BidiBase$InsertPoints done
Event: 1.048 loading class jdk/internal/icu/text/BidiBase$Point
Event: 1.049 loading class jdk/internal/icu/text/BidiBase$Point done
Event: 1.049 loading class jdk/internal/icu/impl/UBiDiProps


Dynamic libraries:
0x00007ff724230000 - 0x00007ff724240000 	C:\Program Files\Java\jdk-17\bin\java.exe
0x00007ffb8e2f0000 - 0x00007ffb8e507000 	C:\WINDOWS\SYSTEM32\ntdll.dll
0x00007ffb8d010000 - 0x00007ffb8d0d4000 	C:\WINDOWS\System32\KERNEL32.DLL
0x00007ffb8b6c0000 - 0x00007ffb8ba77000 	C:\WINDOWS\System32\KERNELBASE.dll
0x00007ffb8bab0000 - 0x00007ffb8bbc1000 	C:\WINDOWS\System32\ucrtbase.dll
0x00007ffb710f0000 - 0x00007ffb71108000 	C:\Program Files\Java\jdk-17\bin\jli.dll
0x00007ffb632e0000 - 0x00007ffb632fb000 	C:\Program Files\Java\jdk-17\bin\VCRUNTIME140.dll
0x00007ffb8ccf0000 - 0x00007ffb8cda2000 	C:\WINDOWS\System32\ADVAPI32.dll
0x00007ffb8d240000 - 0x00007ffb8d2e7000 	C:\WINDOWS\System32\msvcrt.dll
0x00007ffb8d190000 - 0x00007ffb8d238000 	C:\WINDOWS\System32\sechost.dll
0x00007ffb8ba80000 - 0x00007ffb8baa8000 	C:\WINDOWS\System32\bcrypt.dll
0x00007ffb8c490000 - 0x00007ffb8c5a4000 	C:\WINDOWS\System32\RPCRT4.dll
0x00007ffb8c800000 - 0x00007ffb8c9af000 	C:\WINDOWS\System32\USER32.dll
0x00007ffb8bf80000 - 0x00007ffb8bfa6000 	C:\WINDOWS\System32\win32u.dll
0x00007ffb6d460000 - 0x00007ffb6d6f3000 	C:\WINDOWS\WinSxS\amd64_microsoft.windows.common-controls_6595b64144ccf1df_6.0.22621.3672_none_2713b9d173822955\COMCTL32.dll
0x00007ffb8d0e0000 - 0x00007ffb8d109000 	C:\WINDOWS\System32\GDI32.dll
0x00007ffb8bbd0000 - 0x00007ffb8bce8000 	C:\WINDOWS\System32\gdi32full.dll
0x00007ffb8bcf0000 - 0x00007ffb8bd8a000 	C:\WINDOWS\System32\msvcp_win.dll
0x00007ffb84a60000 - 0x00007ffb84a6a000 	C:\WINDOWS\SYSTEM32\VERSION.dll
0x00007ffb8cb60000 - 0x00007ffb8cb91000 	C:\WINDOWS\System32\IMM32.DLL
0x00007ffb710e0000 - 0x00007ffb710ec000 	C:\Program Files\Java\jdk-17\bin\vcruntime140_1.dll
0x00007ffb1d6f0000 - 0x00007ffb1d77e000 	C:\Program Files\Java\jdk-17\bin\msvcp140.dll
0x00007ffb0c9f0000 - 0x00007ffb0d5c7000 	C:\Program Files\Java\jdk-17\bin\server\jvm.dll
0x00007ffb8c020000 - 0x00007ffb8c028000 	C:\WINDOWS\System32\PSAPI.DLL
0x00007ffb825c0000 - 0x00007ffb825f4000 	C:\WINDOWS\SYSTEM32\WINMM.dll
0x00007ffb83850000 - 0x00007ffb83859000 	C:\WINDOWS\SYSTEM32\WSOCK32.dll
0x00007ffb8c030000 - 0x00007ffb8c0a1000 	C:\WINDOWS\System32\WS2_32.dll
0x00007ffb8a6e0000 - 0x00007ffb8a6f8000 	C:\WINDOWS\SYSTEM32\kernel.appcore.dll
0x00007ffb6fa60000 - 0x00007ffb6fa6a000 	C:\Program Files\Java\jdk-17\bin\jimage.dll
0x00007ffb88f50000 - 0x00007ffb89182000 	C:\WINDOWS\SYSTEM32\DBGHELP.DLL
0x00007ffb8c0b0000 - 0x00007ffb8c43e000 	C:\WINDOWS\System32\combase.dll
0x00007ffb8e1c0000 - 0x00007ffb8e297000 	C:\WINDOWS\System32\OLEAUT32.dll
0x00007ffb77160000 - 0x00007ffb77192000 	C:\WINDOWS\SYSTEM32\dbgcore.DLL
0x00007ffb8bd90000 - 0x00007ffb8be0b000 	C:\WINDOWS\System32\bcryptPrimitives.dll
0x00007ffb854d0000 - 0x00007ffb854de000 	C:\Program Files\Java\jdk-17\bin\instrument.dll
0x00007ffb632b0000 - 0x00007ffb632d5000 	C:\Program Files\Java\jdk-17\bin\java.dll
0x00007ffb1d410000 - 0x00007ffb1d4e7000 	C:\Program Files\Java\jdk-17\bin\jsvml.dll
0x00007ffb8d4b0000 - 0x00007ffb8dd19000 	C:\WINDOWS\System32\SHELL32.dll
0x00007ffb89570000 - 0x00007ffb89e6f000 	C:\WINDOWS\SYSTEM32\windows.storage.dll
0x00007ffb89430000 - 0x00007ffb8956f000 	C:\WINDOWS\SYSTEM32\wintypes.dll
0x00007ffb8cf10000 - 0x00007ffb8d009000 	C:\WINDOWS\System32\SHCORE.dll
0x00007ffb8d130000 - 0x00007ffb8d18e000 	C:\WINDOWS\System32\shlwapi.dll
0x00007ffb8b530000 - 0x00007ffb8b557000 	C:\WINDOWS\SYSTEM32\profapi.dll
0x00007ffb61490000 - 0x00007ffb614a8000 	C:\Program Files\Java\jdk-17\bin\zip.dll
0x00007ffb63290000 - 0x00007ffb632a9000 	C:\Program Files\Java\jdk-17\bin\net.dll
0x00007ffb830e0000 - 0x00007ffb83216000 	C:\WINDOWS\SYSTEM32\WINHTTP.dll
0x00007ffb8abb0000 - 0x00007ffb8ac19000 	C:\WINDOWS\system32\mswsock.dll
0x00007ffb614b0000 - 0x00007ffb614c6000 	C:\Program Files\Java\jdk-17\bin\nio.dll
0x00007ffb83890000 - 0x00007ffb838aa000 	C:\Program Files\JetBrains\IntelliJ IDEA 2022.3.1\bin\breakgen64.dll
0x000001f1bf2d0000 - 0x000001f1bf2d3000 	C:\Users\Buddhi\.openjfx\cache\22+30\amd64\api-ms-win-core-console-l1-1-0.dll
0x000001f1bf2e0000 - 0x000001f1bf2e3000 	C:\Users\Buddhi\.openjfx\cache\22+30\amd64\api-ms-win-core-console-l1-2-0.dll
0x000001f1bf2f0000 - 0x000001f1bf2f3000 	C:\Users\Buddhi\.openjfx\cache\22+30\amd64\api-ms-win-core-datetime-l1-1-0.dll
0x000001f1bf300000 - 0x000001f1bf303000 	C:\Users\Buddhi\.openjfx\cache\22+30\amd64\api-ms-win-core-debug-l1-1-0.dll
0x000001f1bf310000 - 0x000001f1bf313000 	C:\Users\Buddhi\.openjfx\cache\22+30\amd64\api-ms-win-core-errorhandling-l1-1-0.dll
0x000001f1bf320000 - 0x000001f1bf324000 	C:\Users\Buddhi\.openjfx\cache\22+30\amd64\api-ms-win-core-file-l1-1-0.dll
0x000001f1bf330000 - 0x000001f1bf333000 	C:\Users\Buddhi\.openjfx\cache\22+30\amd64\api-ms-win-core-file-l1-2-0.dll
0x000001f1bf340000 - 0x000001f1bf343000 	C:\Users\Buddhi\.openjfx\cache\22+30\amd64\api-ms-win-core-file-l2-1-0.dll
0x000001f1ddfa0000 - 0x000001f1ddfa3000 	C:\Users\Buddhi\.openjfx\cache\22+30\amd64\api-ms-win-core-handle-l1-1-0.dll
0x000001f1ddfb0000 - 0x000001f1ddfb3000 	C:\Users\Buddhi\.openjfx\cache\22+30\amd64\api-ms-win-core-heap-l1-1-0.dll
0x000001f1ddfc0000 - 0x000001f1ddfc3000 	C:\Users\Buddhi\.openjfx\cache\22+30\amd64\api-ms-win-core-interlocked-l1-1-0.dll
0x000001f1ddfd0000 - 0x000001f1ddfd3000 	C:\Users\Buddhi\.openjfx\cache\22+30\amd64\api-ms-win-core-libraryloader-l1-1-0.dll
0x000001f1ddfe0000 - 0x000001f1ddfe3000 	C:\Users\Buddhi\.openjfx\cache\22+30\amd64\api-ms-win-core-localization-l1-2-0.dll
0x000001f1ddff0000 - 0x000001f1ddff3000 	C:\Users\Buddhi\.openjfx\cache\22+30\amd64\api-ms-win-core-memory-l1-1-0.dll
0x000001f1df400000 - 0x000001f1df403000 	C:\Users\Buddhi\.openjfx\cache\22+30\amd64\api-ms-win-core-namedpipe-l1-1-0.dll
0x000001f1df410000 - 0x000001f1df413000 	C:\Users\Buddhi\.openjfx\cache\22+30\amd64\api-ms-win-core-processenvironment-l1-1-0.dll
0x000001f1df420000 - 0x000001f1df423000 	C:\Users\Buddhi\.openjfx\cache\22+30\amd64\api-ms-win-core-processthreads-l1-1-0.dll
0x000001f1df430000 - 0x000001f1df433000 	C:\Users\Buddhi\.openjfx\cache\22+30\amd64\api-ms-win-core-processthreads-l1-1-1.dll
0x000001f1df440000 - 0x000001f1df443000 	C:\Users\Buddhi\.openjfx\cache\22+30\amd64\api-ms-win-core-profile-l1-1-0.dll
0x000001f1df450000 - 0x000001f1df453000 	C:\Users\Buddhi\.openjfx\cache\22+30\amd64\api-ms-win-core-rtlsupport-l1-1-0.dll
0x000001f1df460000 - 0x000001f1df463000 	C:\Users\Buddhi\.openjfx\cache\22+30\amd64\api-ms-win-core-string-l1-1-0.dll
0x000001f1df470000 - 0x000001f1df473000 	C:\Users\Buddhi\.openjfx\cache\22+30\amd64\api-ms-win-core-synch-l1-1-0.dll
0x000001f1df480000 - 0x000001f1df483000 	C:\Users\Buddhi\.openjfx\cache\22+30\amd64\api-ms-win-core-synch-l1-2-0.dll
0x000001f1df490000 - 0x000001f1df493000 	C:\Users\Buddhi\.openjfx\cache\22+30\amd64\api-ms-win-core-sysinfo-l1-1-0.dll
0x000001f1df4a0000 - 0x000001f1df4a3000 	C:\Users\Buddhi\.openjfx\cache\22+30\amd64\api-ms-win-core-timezone-l1-1-0.dll
0x000001f1df4b0000 - 0x000001f1df4b3000 	C:\Users\Buddhi\.openjfx\cache\22+30\amd64\api-ms-win-core-util-l1-1-0.dll
0x000001f1df4c0000 - 0x000001f1df4c3000 	C:\Users\Buddhi\.openjfx\cache\22+30\amd64\api-ms-win-crt-conio-l1-1-0.dll
0x000001f1df4d0000 - 0x000001f1df4d4000 	C:\Users\Buddhi\.openjfx\cache\22+30\amd64\api-ms-win-crt-convert-l1-1-0.dll
0x000001f1df4e0000 - 0x000001f1df4e3000 	C:\Users\Buddhi\.openjfx\cache\22+30\amd64\api-ms-win-crt-environment-l1-1-0.dll
0x000001f1df4f0000 - 0x000001f1df4f3000 	C:\Users\Buddhi\.openjfx\cache\22+30\amd64\api-ms-win-crt-filesystem-l1-1-0.dll
0x000001f1df500000 - 0x000001f1df503000 	C:\Users\Buddhi\.openjfx\cache\22+30\amd64\api-ms-win-crt-heap-l1-1-0.dll
0x000001f1df510000 - 0x000001f1df513000 	C:\Users\Buddhi\.openjfx\cache\22+30\amd64\api-ms-win-crt-locale-l1-1-0.dll
0x000001f1df520000 - 0x000001f1df525000 	C:\Users\Buddhi\.openjfx\cache\22+30\amd64\api-ms-win-crt-math-l1-1-0.dll
0x000001f1df530000 - 0x000001f1df535000 	C:\Users\Buddhi\.openjfx\cache\22+30\amd64\api-ms-win-crt-multibyte-l1-1-0.dll
0x000001f1df540000 - 0x000001f1df550000 	C:\Users\Buddhi\.openjfx\cache\22+30\amd64\api-ms-win-crt-private-l1-1-0.dll
0x000001f1df550000 - 0x000001f1df553000 	C:\Users\Buddhi\.openjfx\cache\22+30\amd64\api-ms-win-crt-process-l1-1-0.dll
0x000001f1df560000 - 0x000001f1df564000 	C:\Users\Buddhi\.openjfx\cache\22+30\amd64\api-ms-win-crt-runtime-l1-1-0.dll
0x000001f1df570000 - 0x000001f1df574000 	C:\Users\Buddhi\.openjfx\cache\22+30\amd64\api-ms-win-crt-stdio-l1-1-0.dll
0x000001f1df580000 - 0x000001f1df584000 	C:\Users\Buddhi\.openjfx\cache\22+30\amd64\api-ms-win-crt-string-l1-1-0.dll
0x000001f1df590000 - 0x000001f1df593000 	C:\Users\Buddhi\.openjfx\cache\22+30\amd64\api-ms-win-crt-time-l1-1-0.dll
0x000001f1df5a0000 - 0x000001f1df5a3000 	C:\Users\Buddhi\.openjfx\cache\22+30\amd64\api-ms-win-crt-utility-l1-1-0.dll
0x00007ffb193a0000 - 0x00007ffb1949c000 	C:\Users\Buddhi\.openjfx\cache\22+30\amd64\ucrtbase.dll
0x00007ffb58cd0000 - 0x00007ffb58ceb000 	C:\Users\Buddhi\.openjfx\cache\22+30\amd64\vcruntime140.dll
0x00007ffb70f30000 - 0x00007ffb70f3c000 	C:\Users\Buddhi\.openjfx\cache\22+30\amd64\vcruntime140_1.dll
0x00007ffb1bc50000 - 0x00007ffb1bcde000 	C:\Users\Buddhi\.openjfx\cache\22+30\amd64\msvcp140.dll
0x00007ffb70ee0000 - 0x00007ffb70ee9000 	C:\Users\Buddhi\.openjfx\cache\22+30\amd64\msvcp140_1.dll
0x00007ffb54570000 - 0x00007ffb545b1000 	C:\Users\Buddhi\.openjfx\cache\22+30\amd64\msvcp140_2.dll
0x00007ffb52910000 - 0x00007ffb52940000 	C:\Users\Buddhi\.openjfx\cache\22+30\amd64\prism_d3d.dll
0x00007ffb6e8e0000 - 0x00007ffb6ea88000 	C:\WINDOWS\system32\d3d9.dll
0x00007ffb88bd0000 - 0x00007ffb88bfb000 	C:\WINDOWS\SYSTEM32\dwmapi.dll
0x00007ffb88680000 - 0x00007ffb886b7000 	C:\WINDOWS\SYSTEM32\dxcore.dll
0x00007ffb88590000 - 0x00007ffb88641000 	C:\WINDOWS\system32\uxtheme.dll
0x00007ffb41800000 - 0x00007ffb41965000 	C:\WINDOWS\System32\DriverStore\FileRepository\iigd_dch.inf_amd64_4992c421bdec6194\igdumdim64.dll
0x00007ffb8c650000 - 0x00007ffb8c7f5000 	C:\WINDOWS\System32\ole32.dll
0x00007ffb31f60000 - 0x00007ffb35bb6000 	C:\WINDOWS\System32\DriverStore\FileRepository\iigd_dch.inf_amd64_4992c421bdec6194\igd9dxva64.dll
0x00007ffb8dd20000 - 0x00007ffb8e194000 	C:\WINDOWS\System32\SETUPAPI.dll
0x00007ffb8b2c0000 - 0x00007ffb8b30e000 	C:\WINDOWS\SYSTEM32\cfgmgr32.dll
0x00007ffb79d20000 - 0x00007ffb7a0e1000 	C:\WINDOWS\System32\DriverStore\FileRepository\iigd_dch.inf_amd64_4992c421bdec6194\igdgmm64.dll
0x00007ffb814f0000 - 0x00007ffb81539000 	C:\WINDOWS\SYSTEM32\directxdatabasehelper.dll
0x00007ffb514c0000 - 0x00007ffb51505000 	C:\Users\Buddhi\.openjfx\cache\22+30\amd64\glass.dll
0x00007ffb8c9b0000 - 0x00007ffb8caaf000 	C:\WINDOWS\System32\COMDLG32.dll
0x00007ffb8cdb0000 - 0x00007ffb8cf10000 	C:\WINDOWS\System32\MSCTF.dll
0x00007ffb6d820000 - 0x00007ffb6d847000 	C:\WINDOWS\System32\DriverStore\FileRepository\iigd_dch.inf_amd64_4992c421bdec6194\igdinfo64.dll
0x00007ffb712d0000 - 0x00007ffb744d6000 	C:\WINDOWS\System32\DriverStore\FileRepository\iigd_dch.inf_amd64_4992c421bdec6194\igc64.dll
0x00007ffb8cab0000 - 0x00007ffb8cb60000 	C:\WINDOWS\System32\clbcatq.dll
0x00007ffb68160000 - 0x00007ffb682d9000 	C:\Windows\System32\Windows.UI.dll
0x00007ffb6d850000 - 0x00007ffb6d9c5000 	C:\Windows\System32\Windows.UI.Immersive.dll
0x00007ffb52bd0000 - 0x00007ffb52be4000 	C:\Users\Buddhi\.openjfx\cache\22+30\amd64\javafx_font.dll
0x00007ffb83480000 - 0x00007ffb836f3000 	C:\WINDOWS\SYSTEM32\dwrite.dll
0x00007ffb85db0000 - 0x00007ffb85f61000 	C:\WINDOWS\SYSTEM32\WindowsCodecs.dll
0x00007ffb6d760000 - 0x00007ffb6d7be000 	C:\WINDOWS\system32\dataexchange.dll
0x00007ffb7ec00000 - 0x00007ffb7eea2000 	C:\WINDOWS\system32\twinapi.appcore.dll
0x00007ffb4a160000 - 0x00007ffb4a192000 	C:\Program Files\Common Files\Microsoft Shared\Ink\rtscom.dll

dbghelp: loaded successfully - version: 4.0.5 - missing functions: none
symbol engine: initialized successfully - sym options: 0x614 - pdb path: .;C:\Program Files\Java\jdk-17\bin;C:\WINDOWS\SYSTEM32;C:\WINDOWS\WinSxS\amd64_microsoft.windows.common-controls_6595b64144ccf1df_6.0.22621.3672_none_2713b9d173822955;C:\Program Files\Java\jdk-17\bin\server;C:\Program Files\JetBrains\IntelliJ IDEA 2022.3.1\bin;C:\Users\Buddhi\.openjfx\cache\22+30\amd64;C:\WINDOWS\System32\DriverStore\FileRepository\iigd_dch.inf_amd64_4992c421bdec6194;C:\Program Files\Common Files\Microsoft Shared\Ink

VM Arguments:
jvm_args: -javaagent:C:\Program Files\JetBrains\IntelliJ IDEA 2022.3.1\lib\idea_rt.jar=6716:C:\Program Files\JetBrains\IntelliJ IDEA 2022.3.1\bin -Dfile.encoding=UTF-8 
java_command: org.example.LauncherWrapper
java_class_path (initial): C:\Users\Public\Documents\ijse\ORM_final\target\classes;C:\Users\Buddhi\.m2\repository\org\hibernate\orm\hibernate-core\6.2.6.Final\hibernate-core-6.2.6.Final.jar;C:\Users\Buddhi\.m2\repository\jakarta\persistence\jakarta.persistence-api\3.1.0\jakarta.persistence-api-3.1.0.jar;C:\Users\Buddhi\.m2\repository\jakarta\transaction\jakarta.transaction-api\2.0.1\jakarta.transaction-api-2.0.1.jar;C:\Users\Buddhi\.m2\repository\org\jboss\logging\jboss-logging\3.5.0.Final\jboss-logging-3.5.0.Final.jar;C:\Users\Buddhi\.m2\repository\org\hibernate\common\hibernate-commons-annotations\6.0.6.Final\hibernate-commons-annotations-6.0.6.Final.jar;C:\Users\Buddhi\.m2\repository\io\smallrye\jandex\3.0.5\jandex-3.0.5.jar;C:\Users\Buddhi\.m2\repository\com\fasterxml\classmate\1.5.1\classmate-1.5.1.jar;C:\Users\Buddhi\.m2\repository\net\bytebuddy\byte-buddy\1.12.18\byte-buddy-1.12.18.jar;C:\Users\Buddhi\.m2\repository\jakarta\xml\bind\jakarta.xml.bind-api\4.0.0\jakarta.xml.bind-api-4.0.0.jar;C:\Users\Buddhi\.m2\repository\jakarta\activation\jakarta.activation-api\2.1.0\jakarta.activation-api-2.1.0.jar;C:\Users\Buddhi\.m2\repository\org\glassfish\jaxb\jaxb-runtime\4.0.2\jaxb-runtime-4.0.2.jar;C:\Users\Buddhi\.m2\repository\org\glassfish\jaxb\jaxb-core\4.0.2\jaxb-core-4.0.2.jar;C:\Users\Buddhi\.m2\repository\org\eclipse\angus\angus-activation\2.0.0\angus-activation-2.0.0.jar;C:\Users\Buddhi\.m2\repository\org\glassfish\jaxb\txw2\4.0.2\txw2-4.0.2.jar;C:\Users\Buddhi\.m2\repository\com\sun\istack\istack-commons-runtime\4.1.1\istack-commons-runtime-4.1.1.jar;C:\Users\Buddhi\.m2\repository\jakarta\inject\jakarta.inject-api\2.0.1\jakarta.inject-api-2.0.1.jar;C:\Users\Buddhi\.m2\repository\org\antlr\antlr4-runtime\4.10.1\antlr4-runtime-4.10.1.jar;C:\Users\Buddhi\.m2\repository\com\mysql\mysql-connector-j\8.3.0\mysql-connector-j-8.3.0.jar;C:\Users\Buddhi\.m2\repository\com\google\protobuf\protobuf-java\3.25.1\protobuf-java-3.25.1.jar;C:\Users\Buddhi\.m2\repository\org
Launcher Type: SUN_STANDARD

[Global flags]
     intx CICompilerCount                          = 12                                        {product} {ergonomic}
     uint ConcGCThreads                            = 3                                         {product} {ergonomic}
     uint G1ConcRefinementThreads                  = 13                                        {product} {ergonomic}
   size_t G1HeapRegionSize                         = 1048576                                   {product} {ergonomic}
    uintx GCDrainStackTargetSize                   = 64                                        {product} {ergonomic}
   size_t InitialHeapSize                          = 130023424                                 {product} {ergonomic}
   size_t MarkStackSize                            = 4194304                                   {product} {ergonomic}
   size_t MaxHeapSize                              = 2069889024                                {product} {ergonomic}
   size_t MaxNewSize                               = 1241513984                                {product} {ergonomic}
   size_t MinHeapDeltaBytes                        = 1048576                                   {product} {ergonomic}
   size_t MinHeapSize                              = 8388608                                   {product} {ergonomic}
    uintx NonNMethodCodeHeapSize                   = 7602480                                {pd product} {ergonomic}
    uintx NonProfiledCodeHeapSize                  = 122027880                              {pd product} {ergonomic}
    uintx ProfiledCodeHeapSize                     = 122027880                              {pd product} {ergonomic}
    uintx ReservedCodeCacheSize                    = 251658240                              {pd product} {ergonomic}
     bool SegmentedCodeCache                       = true                                      {product} {ergonomic}
   size_t SoftMaxHeapSize                          = 2069889024                             {manageable} {ergonomic}
     bool UseCompressedClassPointers               = true                           {product lp64_product} {ergonomic}
     bool UseCompressedOops                        = true                           {product lp64_product} {ergonomic}
     bool UseG1GC                                  = true                                      {product} {ergonomic}
     bool UseLargePagesIndividualAllocation        = false                                  {pd product} {ergonomic}

Logging:
Log output configuration:
 #0: stdout all=warning uptime,level,tags
 #1: stderr all=off uptime,level,tags

Environment Variables:
JAVA_HOME=C:\Program Files\Java\jdk-17
PATH=C:\Program Files (x86)\Common Files\Oracle\Java\javapath;C:\Program Files\Common Files\Oracle\Java\javapath;C:\Windows\system32;C:\Windows;C:\Windows\System32\Wbem;C:\Windows\System32\WindowsPowerShell\v1.0\;C:\Windows\System32\OpenSSH\;C:\Program Files (x86)\NVIDIA Corporation\PhysX\Common;C:\Program Files\NVIDIA Corporation\NVIDIA NvDLISR;C:\Program Files\Java\jdk-17\bin;C:\Program Files\apache-maven-3.8.7\bin;C:\WINDOWS\system32;C:\WINDOWS;C:\WINDOWS\System32\Wbem;C:\WINDOWS\System32\WindowsPowerShell\v1.0\;C:\WINDOWS\System32\OpenSSH\;C:\Program Files\Git\cmd;C:\Program Files\MySQL\MySQL Shell 8.0\bin\;C:\Users\Buddhi\AppData\Local\Microsoft\WindowsApps;C:\Users\Buddhi\AppData\Local\Programs\Microsoft VS Code\bin;C:\Program Files\JetBrains\IntelliJ IDEA 2022.3.1\bin;;C:\Program Files\apache-maven-3.8.7\apache-maven\src;
USERNAME=Buddhi
OS=Windows_NT
PROCESSOR_IDENTIFIER=Intel64 Family 6 Model 141 Stepping 1, GenuineIntel



---------------  S Y S T E M  ---------------

OS:
 Windows 11 , 64 bit Build 22621 (10.0.22621.3958)
OS uptime: 10 days 1:03 hours

CPU: total 16 (initial active 16) (8 cores per cpu, 2 threads per core) family 6 model 141 stepping 1 microcode 0x26, cx8, cmov, fxsr, ht, mmx, 3dnowpref, sse, sse2, sse3, ssse3, sse4.1, sse4.2, popcnt, lzcnt, tsc, tscinvbit, avx, avx2, aes, erms, clmul, bmi1, bmi2, adx, avx512f, avx512dq, avx512cd, avx512bw, avx512vl, sha, fma, vzeroupper, avx512_vpopcntdq, avx512_vpclmulqdq, avx512_vaes, avx512_vnni, clflush, clflushopt, clwb, avx512_vbmi2, avx512_vbmi

Memory: 4k page, system-wide physical 7893M (448M free)
TotalPageFile size 16085M (AvailPageFile size 6M)
current process WorkingSet (physical memory assigned to process): 179M, peak: 179M
current process commit charge ("private bytes"): 314M, peak: 315M

vm_info: Java HotSpot(TM) 64-Bit Server VM (17.0.6+9-LTS-190) for windows-amd64 JRE (17.0.6+9-LTS-190), built on Dec  6 2022 15:53:54 by "mach5one" with MS VC++ 17.1 (VS2022)

END.
