#
# There is insufficient memory for the Java Runtime Environment to continue.
# Native memory allocation (malloc) failed to allocate 369792 bytes for Chunk::new
# Possible reasons:
#   The system is out of physical RAM or swap space
#   The process is running with CompressedOops enabled, and the Java Heap may be blocking the growth of the native heap
# Possible solutions:
#   Reduce memory load on the system
#   Increase physical memory or swap space
#   Check if swap backing store is full
#   Decrease Java heap size (-Xmx/-Xms)
#   Decrease number of Java threads
#   Decrease Java thread stack sizes (-Xss)
#   Set larger code cache with -XX:ReservedCodeCacheSize=
#   JVM is running with Unscaled Compressed Oops mode in which the Java heap is
#     placed in the first 4GB address space. The Java Heap base address is the
#     maximum limit for the native heap growth. Please use -XX:HeapBaseMinAddress
#     to set the Java Heap base and to place the Java Heap above 4GB virtual address.
# This output file may be truncated or incomplete.
#
#  Out of Memory Error (arena.cpp:189), pid=19392, tid=10480
#
# JRE version: Java(TM) SE Runtime Environment (17.0.6+9) (build 17.0.6+9-LTS-190)
# Java VM: Java HotSpot(TM) 64-Bit Server VM (17.0.6+9-LTS-190, mixed mode, sharing, tiered, compressed oops, compressed class ptrs, g1 gc, windows-amd64)
# No core dump will be written. Minidumps are not enabled by default on client versions of Windows
#

---------------  S U M M A R Y ------------

Command Line: -javaagent:C:\Program Files\JetBrains\IntelliJ IDEA 2022.3.1\lib\idea_rt.jar=6949:C:\Program Files\JetBrains\IntelliJ IDEA 2022.3.1\bin -Dfile.encoding=UTF-8 org.example.LauncherWrapper

Host: 11th Gen Intel(R) Core(TM) i7-11800H @ 2.30GHz, 16 cores, 7G,  Windows 11 , 64 bit Build 22621 (10.0.22621.3958)
Time: Mon Nov  4 17:22:47 2024 Sri Lanka Standard Time elapsed time: 0.436763 seconds (0d 0h 0m 0s)

---------------  T H R E A D  ---------------

Current thread (0x000002d2bc7b0cd0):  JavaThread "C2 CompilerThread0" daemon [_thread_in_native, id=10480, stack(0x000000d468e00000,0x000000d468f00000)]


Current CompileTask:
C2:    436  919   !   4       java.util.zip.ZipFile::getEntry (59 bytes)

Stack: [0x000000d468e00000,0x000000d468f00000]
Native frames: (J=compiled Java code, j=interpreted, Vv=VM code, C=native code)
V  [jvm.dll+0x6734ea]
V  [jvm.dll+0x7d18f4]
V  [jvm.dll+0x7d309e]
V  [jvm.dll+0x7d3703]
V  [jvm.dll+0x2433c5]
V  [jvm.dll+0xaa46b]
V  [jvm.dll+0xaaa0c]
V  [jvm.dll+0x35eb2e]
V  [jvm.dll+0x329401]
V  [jvm.dll+0x32889a]
V  [jvm.dll+0x215ddf]
V  [jvm.dll+0x215211]
V  [jvm.dll+0x1a1730]
V  [jvm.dll+0x224b6e]
V  [jvm.dll+0x222f15]
V  [jvm.dll+0x78753c]
V  [jvm.dll+0x781a7a]
V  [jvm.dll+0x672375]
C  [ucrtbase.dll+0x29333]
C  [KERNEL32.DLL+0x1257d]
C  [ntdll.dll+0x5af08]


---------------  P R O C E S S  ---------------

Threads class SMR info:
_java_thread_list=0x000002d2bdb11840, length=18, elements={
0x000002d29bde88b0, 0x000002d2bc791f90, 0x000002d2bc792940, 0x000002d2bc7a4e10,
0x000002d2bc7a57c0, 0x000002d2bc7a7180, 0x000002d2bc7a7b30, 0x000002d2bc7b0cd0,
0x000002d2bc7b4c70, 0x000002d2bc7b5660, 0x000002d2bd177a90, 0x000002d2bd1bc610,
0x000002d2bd1c4ec0, 0x000002d2bd1ee7f0, 0x000002d2bd346410, 0x000002d2bd3ef9b0,
0x000002d2bd439dc0, 0x000002d2bdb15f70
}

Java Threads: ( => current thread )
  0x000002d29bde88b0 JavaThread "main" [_thread_blocked, id=5708, stack(0x000000d468100000,0x000000d468200000)]
  0x000002d2bc791f90 JavaThread "Reference Handler" daemon [_thread_blocked, id=3112, stack(0x000000d468800000,0x000000d468900000)]
  0x000002d2bc792940 JavaThread "Finalizer" daemon [_thread_blocked, id=11564, stack(0x000000d468900000,0x000000d468a00000)]
  0x000002d2bc7a4e10 JavaThread "Signal Dispatcher" daemon [_thread_blocked, id=21992, stack(0x000000d468a00000,0x000000d468b00000)]
  0x000002d2bc7a57c0 JavaThread "Attach Listener" daemon [_thread_blocked, id=9336, stack(0x000000d468b00000,0x000000d468c00000)]
  0x000002d2bc7a7180 JavaThread "Service Thread" daemon [_thread_blocked, id=22892, stack(0x000000d468c00000,0x000000d468d00000)]
  0x000002d2bc7a7b30 JavaThread "Monitor Deflation Thread" daemon [_thread_blocked, id=16972, stack(0x000000d468d00000,0x000000d468e00000)]
=>0x000002d2bc7b0cd0 JavaThread "C2 CompilerThread0" daemon [_thread_in_native, id=10480, stack(0x000000d468e00000,0x000000d468f00000)]
  0x000002d2bc7b4c70 JavaThread "C1 CompilerThread0" daemon [_thread_blocked, id=22608, stack(0x000000d468f00000,0x000000d469000000)]
  0x000002d2bc7b5660 JavaThread "Sweeper thread" daemon [_thread_blocked, id=16152, stack(0x000000d469000000,0x000000d469100000)]
  0x000002d2bd177a90 JavaThread "Common-Cleaner" daemon [_thread_blocked, id=22440, stack(0x000000d469100000,0x000000d469200000)]
  0x000002d2bd1bc610 JavaThread "C1 CompilerThread1" daemon [_thread_in_native, id=8056, stack(0x000000d469200000,0x000000d469300000)]
  0x000002d2bd1c4ec0 JavaThread "C1 CompilerThread2" daemon [_thread_blocked, id=21092, stack(0x000000d469300000,0x000000d469400000)]
  0x000002d2bd1ee7f0 JavaThread "C2 CompilerThread1" daemon [_thread_in_native, id=4860, stack(0x000000d469400000,0x000000d469500000)]
  0x000002d2bd346410 JavaThread "Monitor Ctrl-Break" daemon [_thread_in_native, id=4952, stack(0x000000d469500000,0x000000d469600000)]
  0x000002d2bd3ef9b0 JavaThread "Notification Thread" daemon [_thread_blocked, id=18284, stack(0x000000d469600000,0x000000d469700000)]
  0x000002d2bd439dc0 JavaThread "JavaFX-Launcher" [_thread_in_native, id=26080, stack(0x000000d469800000,0x000000d469900000)]
  0x000002d2bdb15f70 JavaThread "QuantumRenderer-0" daemon [_thread_blocked, id=19900, stack(0x000000d469900000,0x000000d469a00000)]

Other Threads:
  0x000002d2bc78c5f0 VMThread "VM Thread" [stack: 0x000000d468700000,0x000000d468800000] [id=7816]
  0x000002d29be70210 WatcherThread [stack: 0x000000d469700000,0x000000d469800000] [id=15608]
  0x000002d29be42fd0 GCTaskThread "GC Thread#0" [stack: 0x000000d468200000,0x000000d468300000] [id=11960]
  0x000002d29be4f810 ConcurrentGCThread "G1 Main Marker" [stack: 0x000000d468300000,0x000000d468400000] [id=8508]
  0x000002d29bd0df80 ConcurrentGCThread "G1 Conc#0" [stack: 0x000000d468400000,0x000000d468500000] [id=23072]
  0x000002d2bc6364f0 ConcurrentGCThread "G1 Refine#0" [stack: 0x000000d468500000,0x000000d468600000] [id=20312]
  0x000002d29beae260 ConcurrentGCThread "G1 Service" [stack: 0x000000d468600000,0x000000d468700000] [id=22672]

Threads with active compile tasks:
C2 CompilerThread0      454  919   !   4       java.util.zip.ZipFile::getEntry (59 bytes)
C1 CompilerThread1      454  946       3       sun.net.www.protocol.jar.Handler::canonicalizeString (72 bytes)
C2 CompilerThread1      454  930       4       java.util.jar.JarFile::getEntry (35 bytes)

VM state: not at safepoint (normal execution)

VM Mutex/Monitor currently owned by a thread: None

Heap address: 0x0000000084a00000, size: 1974 MB, Compressed Oops mode: 32-bit

CDS archive(s) mapped at: [0x0000000800000000-0x0000000800bd0000-0x0000000800bd0000), size 12386304, SharedBaseAddress: 0x0000000800000000, ArchiveRelocationMode: 0.
Compressed class space mapped at: 0x0000000800c00000-0x0000000840c00000, reserved size: 1073741824
Narrow klass base: 0x0000000800000000, Narrow klass shift: 0, Narrow klass range: 0x100000000

GC Precious Log:
 CPUs: 16 total, 16 available
 Memory: 7893M
 Large Page Support: Disabled
 NUMA Support: Disabled
 Compressed Oops: Enabled (32-bit)
 Heap Region Size: 1M
 Heap Min Capacity: 8M
 Heap Initial Capacity: 124M
 Heap Max Capacity: 1974M
 Pre-touch: Disabled
 Parallel Workers: 13
 Concurrent Workers: 3
 Concurrent Refinement Workers: 13
 Periodic GC: Disabled

Heap:
 garbage-first heap   total 126976K, used 13312K [0x0000000084a00000, 0x0000000100000000)
  region size 1024K, 14 young (14336K), 0 survivors (0K)
 Metaspace       used 3879K, committed 4032K, reserved 1056768K
  class space    used 392K, committed 448K, reserved 1048576K

Heap Regions: E=young(eden), S=young(survivor), O=old, HS=humongous(starts), HC=humongous(continues), CS=collection set, F=free, OA=open archive, CA=closed archive, TAMS=top-at-mark-start (previous, next)
|   0|0x0000000084a00000, 0x0000000084b00000, 0x0000000084b00000|100%|HS|  |TAMS 0x0000000084a00000, 0x0000000084a00000| Complete 
|   1|0x0000000084b00000, 0x0000000084b00000, 0x0000000084c00000|  0%| F|  |TAMS 0x0000000084b00000, 0x0000000084b00000| Untracked 
|   2|0x0000000084c00000, 0x0000000084c00000, 0x0000000084d00000|  0%| F|  |TAMS 0x0000000084c00000, 0x0000000084c00000| Untracked 
|   3|0x0000000084d00000, 0x0000000084d00000, 0x0000000084e00000|  0%| F|  |TAMS 0x0000000084d00000, 0x0000000084d00000| Untracked 
|   4|0x0000000084e00000, 0x0000000084e00000, 0x0000000084f00000|  0%| F|  |TAMS 0x0000000084e00000, 0x0000000084e00000| Untracked 
|   5|0x0000000084f00000, 0x0000000084f00000, 0x0000000085000000|  0%| F|  |TAMS 0x0000000084f00000, 0x0000000084f00000| Untracked 
|   6|0x0000000085000000, 0x0000000085000000, 0x0000000085100000|  0%| F|  |TAMS 0x0000000085000000, 0x0000000085000000| Untracked 
|   7|0x0000000085100000, 0x0000000085100000, 0x0000000085200000|  0%| F|  |TAMS 0x0000000085100000, 0x0000000085100000| Untracked 
|   8|0x0000000085200000, 0x0000000085200000, 0x0000000085300000|  0%| F|  |TAMS 0x0000000085200000, 0x0000000085200000| Untracked 
|   9|0x0000000085300000, 0x0000000085300000, 0x0000000085400000|  0%| F|  |TAMS 0x0000000085300000, 0x0000000085300000| Untracked 
|  10|0x0000000085400000, 0x0000000085400000, 0x0000000085500000|  0%| F|  |TAMS 0x0000000085400000, 0x0000000085400000| Untracked 
|  11|0x0000000085500000, 0x0000000085500000, 0x0000000085600000|  0%| F|  |TAMS 0x0000000085500000, 0x0000000085500000| Untracked 
|  12|0x0000000085600000, 0x0000000085600000, 0x0000000085700000|  0%| F|  |TAMS 0x0000000085600000, 0x0000000085600000| Untracked 
|  13|0x0000000085700000, 0x0000000085700000, 0x0000000085800000|  0%| F|  |TAMS 0x0000000085700000, 0x0000000085700000| Untracked 
|  14|0x0000000085800000, 0x0000000085800000, 0x0000000085900000|  0%| F|  |TAMS 0x0000000085800000, 0x0000000085800000| Untracked 
|  15|0x0000000085900000, 0x0000000085900000, 0x0000000085a00000|  0%| F|  |TAMS 0x0000000085900000, 0x0000000085900000| Untracked 
|  16|0x0000000085a00000, 0x0000000085a00000, 0x0000000085b00000|  0%| F|  |TAMS 0x0000000085a00000, 0x0000000085a00000| Untracked 
|  17|0x0000000085b00000, 0x0000000085b00000, 0x0000000085c00000|  0%| F|  |TAMS 0x0000000085b00000, 0x0000000085b00000| Untracked 
|  18|0x0000000085c00000, 0x0000000085c00000, 0x0000000085d00000|  0%| F|  |TAMS 0x0000000085c00000, 0x0000000085c00000| Untracked 
|  19|0x0000000085d00000, 0x0000000085d00000, 0x0000000085e00000|  0%| F|  |TAMS 0x0000000085d00000, 0x0000000085d00000| Untracked 
|  20|0x0000000085e00000, 0x0000000085e00000, 0x0000000085f00000|  0%| F|  |TAMS 0x0000000085e00000, 0x0000000085e00000| Untracked 
|  21|0x0000000085f00000, 0x0000000085f00000, 0x0000000086000000|  0%| F|  |TAMS 0x0000000085f00000, 0x0000000085f00000| Untracked 
|  22|0x0000000086000000, 0x0000000086000000, 0x0000000086100000|  0%| F|  |TAMS 0x0000000086000000, 0x0000000086000000| Untracked 
|  23|0x0000000086100000, 0x0000000086100000, 0x0000000086200000|  0%| F|  |TAMS 0x0000000086100000, 0x0000000086100000| Untracked 
|  24|0x0000000086200000, 0x0000000086200000, 0x0000000086300000|  0%| F|  |TAMS 0x0000000086200000, 0x0000000086200000| Untracked 
|  25|0x0000000086300000, 0x0000000086300000, 0x0000000086400000|  0%| F|  |TAMS 0x0000000086300000, 0x0000000086300000| Untracked 
|  26|0x0000000086400000, 0x0000000086400000, 0x0000000086500000|  0%| F|  |TAMS 0x0000000086400000, 0x0000000086400000| Untracked 
|  27|0x0000000086500000, 0x0000000086500000, 0x0000000086600000|  0%| F|  |TAMS 0x0000000086500000, 0x0000000086500000| Untracked 
|  28|0x0000000086600000, 0x0000000086600000, 0x0000000086700000|  0%| F|  |TAMS 0x0000000086600000, 0x0000000086600000| Untracked 
|  29|0x0000000086700000, 0x0000000086700000, 0x0000000086800000|  0%| F|  |TAMS 0x0000000086700000, 0x0000000086700000| Untracked 
|  30|0x0000000086800000, 0x0000000086800000, 0x0000000086900000|  0%| F|  |TAMS 0x0000000086800000, 0x0000000086800000| Untracked 
|  31|0x0000000086900000, 0x0000000086900000, 0x0000000086a00000|  0%| F|  |TAMS 0x0000000086900000, 0x0000000086900000| Untracked 
|  32|0x0000000086a00000, 0x0000000086a00000, 0x0000000086b00000|  0%| F|  |TAMS 0x0000000086a00000, 0x0000000086a00000| Untracked 
|  33|0x0000000086b00000, 0x0000000086b00000, 0x0000000086c00000|  0%| F|  |TAMS 0x0000000086b00000, 0x0000000086b00000| Untracked 
|  34|0x0000000086c00000, 0x0000000086c00000, 0x0000000086d00000|  0%| F|  |TAMS 0x0000000086c00000, 0x0000000086c00000| Untracked 
|  35|0x0000000086d00000, 0x0000000086d00000, 0x0000000086e00000|  0%| F|  |TAMS 0x0000000086d00000, 0x0000000086d00000| Untracked 
|  36|0x0000000086e00000, 0x0000000086e00000, 0x0000000086f00000|  0%| F|  |TAMS 0x0000000086e00000, 0x0000000086e00000| Untracked 
|  37|0x0000000086f00000, 0x0000000086f00000, 0x0000000087000000|  0%| F|  |TAMS 0x0000000086f00000, 0x0000000086f00000| Untracked 
|  38|0x0000000087000000, 0x0000000087000000, 0x0000000087100000|  0%| F|  |TAMS 0x0000000087000000, 0x0000000087000000| Untracked 
|  39|0x0000000087100000, 0x0000000087100000, 0x0000000087200000|  0%| F|  |TAMS 0x0000000087100000, 0x0000000087100000| Untracked 
|  40|0x0000000087200000, 0x0000000087200000, 0x0000000087300000|  0%| F|  |TAMS 0x0000000087200000, 0x0000000087200000| Untracked 
|  41|0x0000000087300000, 0x0000000087300000, 0x0000000087400000|  0%| F|  |TAMS 0x0000000087300000, 0x0000000087300000| Untracked 
|  42|0x0000000087400000, 0x0000000087400000, 0x0000000087500000|  0%| F|  |TAMS 0x0000000087400000, 0x0000000087400000| Untracked 
|  43|0x0000000087500000, 0x0000000087500000, 0x0000000087600000|  0%| F|  |TAMS 0x0000000087500000, 0x0000000087500000| Untracked 
|  44|0x0000000087600000, 0x0000000087600000, 0x0000000087700000|  0%| F|  |TAMS 0x0000000087600000, 0x0000000087600000| Untracked 
|  45|0x0000000087700000, 0x0000000087700000, 0x0000000087800000|  0%| F|  |TAMS 0x0000000087700000, 0x0000000087700000| Untracked 
|  46|0x0000000087800000, 0x0000000087800000, 0x0000000087900000|  0%| F|  |TAMS 0x0000000087800000, 0x0000000087800000| Untracked 
|  47|0x0000000087900000, 0x0000000087900000, 0x0000000087a00000|  0%| F|  |TAMS 0x0000000087900000, 0x0000000087900000| Untracked 
|  48|0x0000000087a00000, 0x0000000087a00000, 0x0000000087b00000|  0%| F|  |TAMS 0x0000000087a00000, 0x0000000087a00000| Untracked 
|  49|0x0000000087b00000, 0x0000000087b00000, 0x0000000087c00000|  0%| F|  |TAMS 0x0000000087b00000, 0x0000000087b00000| Untracked 
|  50|0x0000000087c00000, 0x0000000087c00000, 0x0000000087d00000|  0%| F|  |TAMS 0x0000000087c00000, 0x0000000087c00000| Untracked 
|  51|0x0000000087d00000, 0x0000000087d00000, 0x0000000087e00000|  0%| F|  |TAMS 0x0000000087d00000, 0x0000000087d00000| Untracked 
|  52|0x0000000087e00000, 0x0000000087e00000, 0x0000000087f00000|  0%| F|  |TAMS 0x0000000087e00000, 0x0000000087e00000| Untracked 
|  53|0x0000000087f00000, 0x0000000087f00000, 0x0000000088000000|  0%| F|  |TAMS 0x0000000087f00000, 0x0000000087f00000| Untracked 
|  54|0x0000000088000000, 0x0000000088000000, 0x0000000088100000|  0%| F|  |TAMS 0x0000000088000000, 0x0000000088000000| Untracked 
|  55|0x0000000088100000, 0x0000000088100000, 0x0000000088200000|  0%| F|  |TAMS 0x0000000088100000, 0x0000000088100000| Untracked 
|  56|0x0000000088200000, 0x0000000088200000, 0x0000000088300000|  0%| F|  |TAMS 0x0000000088200000, 0x0000000088200000| Untracked 
|  57|0x0000000088300000, 0x0000000088300000, 0x0000000088400000|  0%| F|  |TAMS 0x0000000088300000, 0x0000000088300000| Untracked 
|  58|0x0000000088400000, 0x0000000088400000, 0x0000000088500000|  0%| F|  |TAMS 0x0000000088400000, 0x0000000088400000| Untracked 
|  59|0x0000000088500000, 0x0000000088500000, 0x0000000088600000|  0%| F|  |TAMS 0x0000000088500000, 0x0000000088500000| Untracked 
|  60|0x0000000088600000, 0x0000000088600000, 0x0000000088700000|  0%| F|  |TAMS 0x0000000088600000, 0x0000000088600000| Untracked 
|  61|0x0000000088700000, 0x0000000088700000, 0x0000000088800000|  0%| F|  |TAMS 0x0000000088700000, 0x0000000088700000| Untracked 
|  62|0x0000000088800000, 0x0000000088800000, 0x0000000088900000|  0%| F|  |TAMS 0x0000000088800000, 0x0000000088800000| Untracked 
|  63|0x0000000088900000, 0x0000000088900000, 0x0000000088a00000|  0%| F|  |TAMS 0x0000000088900000, 0x0000000088900000| Untracked 
|  64|0x0000000088a00000, 0x0000000088a00000, 0x0000000088b00000|  0%| F|  |TAMS 0x0000000088a00000, 0x0000000088a00000| Untracked 
|  65|0x0000000088b00000, 0x0000000088b00000, 0x0000000088c00000|  0%| F|  |TAMS 0x0000000088b00000, 0x0000000088b00000| Untracked 
|  66|0x0000000088c00000, 0x0000000088c00000, 0x0000000088d00000|  0%| F|  |TAMS 0x0000000088c00000, 0x0000000088c00000| Untracked 
|  67|0x0000000088d00000, 0x0000000088d00000, 0x0000000088e00000|  0%| F|  |TAMS 0x0000000088d00000, 0x0000000088d00000| Untracked 
|  68|0x0000000088e00000, 0x0000000088e00000, 0x0000000088f00000|  0%| F|  |TAMS 0x0000000088e00000, 0x0000000088e00000| Untracked 
|  69|0x0000000088f00000, 0x0000000088f00000, 0x0000000089000000|  0%| F|  |TAMS 0x0000000088f00000, 0x0000000088f00000| Untracked 
|  70|0x0000000089000000, 0x0000000089000000, 0x0000000089100000|  0%| F|  |TAMS 0x0000000089000000, 0x0000000089000000| Untracked 
|  71|0x0000000089100000, 0x0000000089100000, 0x0000000089200000|  0%| F|  |TAMS 0x0000000089100000, 0x0000000089100000| Untracked 
|  72|0x0000000089200000, 0x0000000089200000, 0x0000000089300000|  0%| F|  |TAMS 0x0000000089200000, 0x0000000089200000| Untracked 
|  73|0x0000000089300000, 0x0000000089300000, 0x0000000089400000|  0%| F|  |TAMS 0x0000000089300000, 0x0000000089300000| Untracked 
|  74|0x0000000089400000, 0x0000000089400000, 0x0000000089500000|  0%| F|  |TAMS 0x0000000089400000, 0x0000000089400000| Untracked 
|  75|0x0000000089500000, 0x0000000089500000, 0x0000000089600000|  0%| F|  |TAMS 0x0000000089500000, 0x0000000089500000| Untracked 
|  76|0x0000000089600000, 0x0000000089600000, 0x0000000089700000|  0%| F|  |TAMS 0x0000000089600000, 0x0000000089600000| Untracked 
|  77|0x0000000089700000, 0x0000000089700000, 0x0000000089800000|  0%| F|  |TAMS 0x0000000089700000, 0x0000000089700000| Untracked 
|  78|0x0000000089800000, 0x0000000089800000, 0x0000000089900000|  0%| F|  |TAMS 0x0000000089800000, 0x0000000089800000| Untracked 
|  79|0x0000000089900000, 0x0000000089900000, 0x0000000089a00000|  0%| F|  |TAMS 0x0000000089900000, 0x0000000089900000| Untracked 
|  80|0x0000000089a00000, 0x0000000089a00000, 0x0000000089b00000|  0%| F|  |TAMS 0x0000000089a00000, 0x0000000089a00000| Untracked 
|  81|0x0000000089b00000, 0x0000000089b00000, 0x0000000089c00000|  0%| F|  |TAMS 0x0000000089b00000, 0x0000000089b00000| Untracked 
|  82|0x0000000089c00000, 0x0000000089c00000, 0x0000000089d00000|  0%| F|  |TAMS 0x0000000089c00000, 0x0000000089c00000| Untracked 
|  83|0x0000000089d00000, 0x0000000089d00000, 0x0000000089e00000|  0%| F|  |TAMS 0x0000000089d00000, 0x0000000089d00000| Untracked 
|  84|0x0000000089e00000, 0x0000000089e00000, 0x0000000089f00000|  0%| F|  |TAMS 0x0000000089e00000, 0x0000000089e00000| Untracked 
|  85|0x0000000089f00000, 0x0000000089f00000, 0x000000008a000000|  0%| F|  |TAMS 0x0000000089f00000, 0x0000000089f00000| Untracked 
|  86|0x000000008a000000, 0x000000008a000000, 0x000000008a100000|  0%| F|  |TAMS 0x000000008a000000, 0x000000008a000000| Untracked 
|  87|0x000000008a100000, 0x000000008a100000, 0x000000008a200000|  0%| F|  |TAMS 0x000000008a100000, 0x000000008a100000| Untracked 
|  88|0x000000008a200000, 0x000000008a200000, 0x000000008a300000|  0%| F|  |TAMS 0x000000008a200000, 0x000000008a200000| Untracked 
|  89|0x000000008a300000, 0x000000008a300000, 0x000000008a400000|  0%| F|  |TAMS 0x000000008a300000, 0x000000008a300000| Untracked 
|  90|0x000000008a400000, 0x000000008a400000, 0x000000008a500000|  0%| F|  |TAMS 0x000000008a400000, 0x000000008a400000| Untracked 
|  91|0x000000008a500000, 0x000000008a500000, 0x000000008a600000|  0%| F|  |TAMS 0x000000008a500000, 0x000000008a500000| Untracked 
|  92|0x000000008a600000, 0x000000008a600000, 0x000000008a700000|  0%| F|  |TAMS 0x000000008a600000, 0x000000008a600000| Untracked 
|  93|0x000000008a700000, 0x000000008a700000, 0x000000008a800000|  0%| F|  |TAMS 0x000000008a700000, 0x000000008a700000| Untracked 
|  94|0x000000008a800000, 0x000000008a800000, 0x000000008a900000|  0%| F|  |TAMS 0x000000008a800000, 0x000000008a800000| Untracked 
|  95|0x000000008a900000, 0x000000008a900000, 0x000000008aa00000|  0%| F|  |TAMS 0x000000008a900000, 0x000000008a900000| Untracked 
|  96|0x000000008aa00000, 0x000000008aa00000, 0x000000008ab00000|  0%| F|  |TAMS 0x000000008aa00000, 0x000000008aa00000| Untracked 
|  97|0x000000008ab00000, 0x000000008ab00000, 0x000000008ac00000|  0%| F|  |TAMS 0x000000008ab00000, 0x000000008ab00000| Untracked 
|  98|0x000000008ac00000, 0x000000008ac00000, 0x000000008ad00000|  0%| F|  |TAMS 0x000000008ac00000, 0x000000008ac00000| Untracked 
|  99|0x000000008ad00000, 0x000000008ad00000, 0x000000008ae00000|  0%| F|  |TAMS 0x000000008ad00000, 0x000000008ad00000| Untracked 
| 100|0x000000008ae00000, 0x000000008ae00000, 0x000000008af00000|  0%| F|  |TAMS 0x000000008ae00000, 0x000000008ae00000| Untracked 
| 101|0x000000008af00000, 0x000000008af00000, 0x000000008b000000|  0%| F|  |TAMS 0x000000008af00000, 0x000000008af00000| Untracked 
| 102|0x000000008b000000, 0x000000008b000000, 0x000000008b100000|  0%| F|  |TAMS 0x000000008b000000, 0x000000008b000000| Untracked 
| 103|0x000000008b100000, 0x000000008b100000, 0x000000008b200000|  0%| F|  |TAMS 0x000000008b100000, 0x000000008b100000| Untracked 
| 104|0x000000008b200000, 0x000000008b200000, 0x000000008b300000|  0%| F|  |TAMS 0x000000008b200000, 0x000000008b200000| Untracked 
| 105|0x000000008b300000, 0x000000008b300000, 0x000000008b400000|  0%| F|  |TAMS 0x000000008b300000, 0x000000008b300000| Untracked 
| 106|0x000000008b400000, 0x000000008b400000, 0x000000008b500000|  0%| F|  |TAMS 0x000000008b400000, 0x000000008b400000| Untracked 
| 107|0x000000008b500000, 0x000000008b500000, 0x000000008b600000|  0%| F|  |TAMS 0x000000008b500000, 0x000000008b500000| Untracked 
| 108|0x000000008b600000, 0x000000008b600000, 0x000000008b700000|  0%| F|  |TAMS 0x000000008b600000, 0x000000008b600000| Untracked 
| 109|0x000000008b700000, 0x000000008b700000, 0x000000008b800000|  0%| F|  |TAMS 0x000000008b700000, 0x000000008b700000| Untracked 
| 110|0x000000008b800000, 0x000000008b8eea58, 0x000000008b900000| 93%| E|  |TAMS 0x000000008b800000, 0x000000008b800000| Complete 
| 111|0x000000008b900000, 0x000000008ba00000, 0x000000008ba00000|100%| E|CS|TAMS 0x000000008b900000, 0x000000008b900000| Complete 
| 112|0x000000008ba00000, 0x000000008bb00000, 0x000000008bb00000|100%| E|CS|TAMS 0x000000008ba00000, 0x000000008ba00000| Complete 
| 113|0x000000008bb00000, 0x000000008bc00000, 0x000000008bc00000|100%| E|  |TAMS 0x000000008bb00000, 0x000000008bb00000| Complete 
| 114|0x000000008bc00000, 0x000000008bd00000, 0x000000008bd00000|100%| E|CS|TAMS 0x000000008bc00000, 0x000000008bc00000| Complete 
| 115|0x000000008bd00000, 0x000000008be00000, 0x000000008be00000|100%| E|CS|TAMS 0x000000008bd00000, 0x000000008bd00000| Complete 
| 116|0x000000008be00000, 0x000000008bf00000, 0x000000008bf00000|100%| E|CS|TAMS 0x000000008be00000, 0x000000008be00000| Complete 
| 117|0x000000008bf00000, 0x000000008c000000, 0x000000008c000000|100%| E|CS|TAMS 0x000000008bf00000, 0x000000008bf00000| Complete 
| 118|0x000000008c000000, 0x000000008c100000, 0x000000008c100000|100%| E|CS|TAMS 0x000000008c000000, 0x000000008c000000| Complete 
| 119|0x000000008c100000, 0x000000008c200000, 0x000000008c200000|100%| E|CS|TAMS 0x000000008c100000, 0x000000008c100000| Complete 
| 120|0x000000008c200000, 0x000000008c300000, 0x000000008c300000|100%| E|CS|TAMS 0x000000008c200000, 0x000000008c200000| Complete 
| 121|0x000000008c300000, 0x000000008c400000, 0x000000008c400000|100%| E|CS|TAMS 0x000000008c300000, 0x000000008c300000| Complete 
| 122|0x000000008c400000, 0x000000008c500000, 0x000000008c500000|100%| E|CS|TAMS 0x000000008c400000, 0x000000008c400000| Complete 
| 123|0x000000008c500000, 0x000000008c600000, 0x000000008c600000|100%| E|CS|TAMS 0x000000008c500000, 0x000000008c500000| Complete 

Card table byte_map: [0x000002d2b51f0000,0x000002d2b55d0000] _byte_map_base: 0x000002d2b4dcb000

Marking Bits (Prev, Next): (CMBitMap*) 0x000002d29be435e0, (CMBitMap*) 0x000002d29be43620
 Prev Bits: [0x000002d2b59b0000, 0x000002d2b7888000)
 Next Bits: [0x000002d2b7890000, 0x000002d2b9768000)

Polling page: 0x000002d29beb0000

Metaspace:

Usage:
  Non-class:      3.41 MB used.
      Class:    392.48 KB used.
       Both:      3.79 MB used.

Virtual space:
  Non-class space:        8.00 MB reserved,       3.50 MB ( 44%) committed,  1 nodes.
      Class space:        1.00 GB reserved,     448.00 KB ( <1%) committed,  1 nodes.
             Both:        1.01 GB reserved,       3.94 MB ( <1%) committed. 

Chunk freelists:
   Non-Class:  2.89 MB
       Class:  3.56 MB
        Both:  6.45 MB

MaxMetaspaceSize: unlimited
CompressedClassSpaceSize: 1.00 GB
Initial GC threshold: 21.00 MB
Current GC threshold: 21.00 MB
CDS: on
MetaspaceReclaimPolicy: balanced
 - commit_granule_bytes: 65536.
 - commit_granule_words: 8192.
 - virtual_space_node_default_size: 1048576.
 - enlarge_chunks_in_place: 1.
 - new_chunks_are_fully_committed: 0.
 - uncommit_free_chunks: 1.
 - use_allocation_guard: 0.
 - handle_deallocations: 1.


Internal statistics:

num_allocs_failed_limit: 0.
num_arena_births: 86.
num_arena_deaths: 0.
num_vsnodes_births: 2.
num_vsnodes_deaths: 0.
num_space_committed: 63.
num_space_uncommitted: 0.
num_chunks_returned_to_freelist: 0.
num_chunks_taken_from_freelist: 154.
num_chunk_merges: 0.
num_chunk_splits: 97.
num_chunks_enlarged: 66.
num_purges: 0.
num_inconsistent_stats: 0.

CodeHeap 'non-profiled nmethods': size=119168Kb used=312Kb max_used=312Kb free=118855Kb
 bounds [0x000002d2ac9f0000, 0x000002d2acc60000, 0x000002d2b3e50000]
CodeHeap 'profiled nmethods': size=119104Kb used=1736Kb max_used=1736Kb free=117367Kb
 bounds [0x000002d2a4e50000, 0x000002d2a50c0000, 0x000002d2ac2a0000]
CodeHeap 'non-nmethods': size=7488Kb used=2311Kb max_used=2322Kb free=5176Kb
 bounds [0x000002d2ac2a0000, 0x000002d2ac510000, 0x000002d2ac9f0000]
 total_blobs=1422 nmethods=950 adapters=383
 compilation: enabled
              stopped_count=0, restarted_count=0
 full_count=0

Compilation events (20 events):
Event: 0.419 Thread 0x000002d2bd1c4ec0 nmethod 901 0x000002d2a4fe6d10 code [0x000002d2a4fe6ec0, 0x000002d2a4fe71e8]
Event: 0.419 Thread 0x000002d2bd1c4ec0  903       3       java.lang.invoke.MemberName::isCallerSensitive (8 bytes)
Event: 0.419 Thread 0x000002d2bd1c4ec0 nmethod 903 0x000002d2a4fe7310 code [0x000002d2a4fe74c0, 0x000002d2a4fe76f8]
Event: 0.419 Thread 0x000002d2bd1ee7f0  906       4       java.lang.StringLatin1::charAt (28 bytes)
Event: 0.419 Thread 0x000002d2bd1bc610  908       3       java.util.ImmutableCollections$List12::size (16 bytes)
Event: 0.419 Thread 0x000002d2bd1bc610 nmethod 908 0x000002d2a4fe7810 code [0x000002d2a4fe79a0, 0x000002d2a4fe7b38]
Event: 0.419 Thread 0x000002d2bd1bc610  909       3       sun.invoke.util.BytecodeDescriptor::unparse (24 bytes)
Event: 0.419 Thread 0x000002d2bd1bc610 nmethod 909 0x000002d2a4fe7c10 code [0x000002d2a4fe7dc0, 0x000002d2a4fe7fc8]
Event: 0.419 Thread 0x000002d2bd1ee7f0 nmethod 906 0x000002d2aca3bf10 code [0x000002d2aca3c080, 0x000002d2aca3c118]
Event: 0.419 Thread 0x000002d2bd1bc610  910       3       java.lang.invoke.MemberName::<init> (50 bytes)
Event: 0.419 Thread 0x000002d2bd1bc610 nmethod 910 0x000002d2a4fe8090 code [0x000002d2a4fe8260, 0x000002d2a4fe8578]
Event: 0.420 Thread 0x000002d2bd1bc610  914       3       sun.invoke.util.Wrapper::forBasicType (16 bytes)
Event: 0.420 Thread 0x000002d2bd1bc610 nmethod 914 0x000002d2a4fe8710 code [0x000002d2a4fe88c0, 0x000002d2a4fe8a68]
Event: 0.422 Thread 0x000002d2bc7b4c70  915       3       java.lang.System$2::findBootstrapClassOrNull (5 bytes)
Event: 0.422 Thread 0x000002d2bd1bc610  916       3       java.lang.ClassLoader::findBootstrapClassOrNull (14 bytes)
Event: 0.422 Thread 0x000002d2bd1bc610 nmethod 916 0x000002d2a4fe8b10 code [0x000002d2a4fe8cc0, 0x000002d2a4fe8e78]
Event: 0.422 Thread 0x000002d2bc7b4c70 nmethod 915 0x000002d2a4fe8f10 code [0x000002d2a4fe90c0, 0x000002d2a4fe92d8]
Event: 0.423 Thread 0x000002d2bd1ee7f0  918       4       java.lang.String::substring (58 bytes)
Event: 0.425 Thread 0x000002d2bc7b0cd0  919   !   4       java.util.zip.ZipFile::getEntry (59 bytes)
Event: 0.426 Thread 0x000002d2bd1ee7f0 nmethod 918 0x000002d2aca3cf90 code [0x000002d2aca3d120, 0x000002d2aca3d698]

GC Heap History (0 events):
No events

Deoptimization events (20 events):
Event: 0.110 Thread 0x000002d29bde88b0 DEOPT PACKING pc=0x000002d2aca013dc sp=0x000000d4681fe970
Event: 0.110 Thread 0x000002d29bde88b0 DEOPT UNPACKING pc=0x000002d2ac2f5ba3 sp=0x000000d4681fe900 mode 2
Event: 0.110 Thread 0x000002d29bde88b0 Uncommon trap: trap_request=0xffffff45 fr.pc=0x000002d2ac9ffc74 relative=0x0000000000000074
Event: 0.110 Thread 0x000002d29bde88b0 Uncommon trap: reason=unstable_if action=reinterpret pc=0x000002d2ac9ffc74 method=java.lang.String.isLatin1()Z @ 10 c2
Event: 0.110 Thread 0x000002d29bde88b0 DEOPT PACKING pc=0x000002d2ac9ffc74 sp=0x000000d4681ff300
Event: 0.110 Thread 0x000002d29bde88b0 DEOPT UNPACKING pc=0x000002d2ac2f5ba3 sp=0x000000d4681ff240 mode 2
Event: 0.135 Thread 0x000002d2bd439dc0 DEOPT PACKING pc=0x000002d2a4e7ede7 sp=0x000000d4698f9060
Event: 0.135 Thread 0x000002d2bd439dc0 DEOPT UNPACKING pc=0x000002d2ac2f66e3 sp=0x000000d4698f8480 mode 0
Event: 0.142 Thread 0x000002d2bd439dc0 DEOPT PACKING pc=0x000002d2a4e586d1 sp=0x000000d4698f8570
Event: 0.142 Thread 0x000002d2bd439dc0 DEOPT UNPACKING pc=0x000002d2ac2f66e3 sp=0x000000d4698f79e8 mode 0
Event: 0.207 Thread 0x000002d2bd439dc0 Uncommon trap: trap_request=0xffffff45 fr.pc=0x000002d2aca03ae4 relative=0x0000000000000064
Event: 0.207 Thread 0x000002d2bd439dc0 Uncommon trap: reason=unstable_if action=reinterpret pc=0x000002d2aca03ae4 method=java.io.WinNTFileSystem.isSlash(C)Z @ 9 c2
Event: 0.207 Thread 0x000002d2bd439dc0 DEOPT PACKING pc=0x000002d2aca03ae4 sp=0x000000d4698fe850
Event: 0.207 Thread 0x000002d2bd439dc0 DEOPT UNPACKING pc=0x000002d2ac2f5ba3 sp=0x000000d4698fe7d8 mode 2
Event: 0.308 Thread 0x000002d2bd439dc0 DEOPT PACKING pc=0x000002d2a4eb0365 sp=0x000000d4698fe5e0
Event: 0.308 Thread 0x000002d2bd439dc0 DEOPT UNPACKING pc=0x000002d2ac2f66e3 sp=0x000000d4698fda30 mode 0
Event: 0.347 Thread 0x000002d2bd439dc0 DEOPT PACKING pc=0x000002d2a4f7fef7 sp=0x000000d4698fe7c0
Event: 0.347 Thread 0x000002d2bd439dc0 DEOPT UNPACKING pc=0x000002d2ac2f66e3 sp=0x000000d4698fdbe0 mode 0
Event: 0.352 Thread 0x000002d2bd439dc0 DEOPT PACKING pc=0x000002d2a4f7a7d2 sp=0x000000d4698fe790
Event: 0.352 Thread 0x000002d2bd439dc0 DEOPT UNPACKING pc=0x000002d2ac2f66e3 sp=0x000000d4698fdc28 mode 0

Classes unloaded (0 events):
No events

Classes redefined (0 events):
No events

Internal exceptions (6 events):
Event: 0.111 Thread 0x000002d2bd346410 Exception <a 'java/lang/NoSuchMethodError'{0x000000008c1c5440}: 'java.lang.Object java.lang.invoke.DirectMethodHandle$Holder.invokeStaticInit(java.lang.Object)'> (0x000000008c1c5440) 
thrown [s\open\src\hotspot\share\interpreter\linkResolver.cpp, line 759]
Event: 0.116 Thread 0x000002d2bd346410 Exception <a 'java/lang/NoSuchMethodError'{0x000000008c1d3100}: 'void java.lang.invoke.DirectMethodHandle$Holder.invokeStatic(java.lang.Object, java.lang.Object)'> (0x000000008c1d3100) 
thrown [s\open\src\hotspot\share\interpreter\linkResolver.cpp, line 759]
Event: 0.122 Thread 0x000002d29bde88b0 Exception <a 'java/lang/NoSuchMethodError'{0x000000008c192e08}: 'java.lang.Object java.lang.invoke.DirectMethodHandle$Holder.newInvokeSpecial(java.lang.Object, java.lang.Object, java.lang.Object, java.lang.Object, java.lang.Object)'> (0x000000008c192e08) 
thrown [s\open\src\hotspot\share\interpreter\linkResolver.cpp, line 759]
Event: 0.175 Thread 0x000002d2bd439dc0 Exception <a 'java/lang/NoSuchMethodError'{0x000000008bf4e040}: 'void java.lang.invoke.DirectMethodHandle$Holder.invokeSpecial(java.lang.Object, java.lang.Object, java.lang.Object)'> (0x000000008bf4e040) 
thrown [s\open\src\hotspot\share\interpreter\linkResolver.cpp, line 759]
Event: 0.179 Thread 0x000002d2bd439dc0 Exception <a 'java/lang/ClassNotFoundException'{0x000000008bf7a0b8}: sun/util/logging/resources/spi/loggingProvider> (0x000000008bf7a0b8) 
thrown [s\open\src\hotspot\share\classfile\systemDictionary.cpp, line 256]
Event: 0.420 Thread 0x000002d2bd439dc0 Exception <a 'java/lang/NoSuchMethodError'{0x000000008b955de0}: 'void java.lang.invoke.DirectMethodHandle$Holder.invokeStatic(java.lang.Object, java.lang.Object, java.lang.Object)'> (0x000000008b955de0) 
thrown [s\open\src\hotspot\share\interpreter\linkResolver.cpp, line 759]

VM Operations (8 events):
Event: 0.045 Executing VM operation: HandshakeAllThreads
Event: 0.045 Executing VM operation: HandshakeAllThreads done
Event: 0.110 Executing VM operation: HandshakeAllThreads
Event: 0.110 Executing VM operation: HandshakeAllThreads done
Event: 0.195 Executing VM operation: HandshakeAllThreads
Event: 0.195 Executing VM operation: HandshakeAllThreads done
Event: 0.211 Executing VM operation: HandshakeAllThreads
Event: 0.211 Executing VM operation: HandshakeAllThreads done

Events (20 events):
Event: 0.416 loading class java/util/concurrent/LinkedBlockingQueue
Event: 0.417 loading class java/util/AbstractQueue
Event: 0.417 loading class java/util/AbstractQueue done
Event: 0.417 loading class java/util/concurrent/LinkedBlockingQueue done
Event: 0.417 loading class java/util/concurrent/locks/AbstractQueuedSynchronizer$ConditionObject
Event: 0.417 loading class java/util/concurrent/locks/Condition
Event: 0.417 loading class java/util/concurrent/locks/Condition done
Event: 0.417 loading class java/util/concurrent/locks/AbstractQueuedSynchronizer$ConditionObject done
Event: 0.417 loading class java/util/concurrent/LinkedBlockingQueue$Node
Event: 0.417 loading class java/util/concurrent/LinkedBlockingQueue$Node done
Event: 0.417 loading class java/util/concurrent/Executors
Event: 0.417 loading class java/util/concurrent/Executors done
Event: 0.417 loading class java/util/concurrent/Executors$DefaultThreadFactory
Event: 0.417 loading class java/util/concurrent/Executors$DefaultThreadFactory done
Event: 0.417 loading class java/util/concurrent/ThreadPoolExecutor$Worker
Event: 0.417 loading class java/util/concurrent/ThreadPoolExecutor$Worker done
Event: 0.420 loading class java/lang/Thread$State
Event: 0.420 loading class java/lang/Thread$State done
Event: 0.420 Thread 0x000002d2bdb15f70 Thread added: 0x000002d2bdb15f70
Event: 0.429 Loaded shared library C:\Users\Buddhi\.openjfx\cache\22+30\amd64\prism_d3d.dll


Dynamic libraries:
0x00007ff724230000 - 0x00007ff724240000 	C:\Program Files\Java\jdk-17\bin\java.exe
0x00007ffb8e2f0000 - 0x00007ffb8e507000 	C:\WINDOWS\SYSTEM32\ntdll.dll
0x00007ffb8d010000 - 0x00007ffb8d0d4000 	C:\WINDOWS\System32\KERNEL32.DLL
0x00007ffb8b6c0000 - 0x00007ffb8ba77000 	C:\WINDOWS\System32\KERNELBASE.dll
0x00007ffb8bab0000 - 0x00007ffb8bbc1000 	C:\WINDOWS\System32\ucrtbase.dll
0x00007ffb632e0000 - 0x00007ffb632fb000 	C:\Program Files\Java\jdk-17\bin\VCRUNTIME140.dll
0x00007ffb710f0000 - 0x00007ffb71108000 	C:\Program Files\Java\jdk-17\bin\jli.dll
0x00007ffb8ccf0000 - 0x00007ffb8cda2000 	C:\WINDOWS\System32\ADVAPI32.dll
0x00007ffb8d240000 - 0x00007ffb8d2e7000 	C:\WINDOWS\System32\msvcrt.dll
0x00007ffb8d190000 - 0x00007ffb8d238000 	C:\WINDOWS\System32\sechost.dll
0x00007ffb8ba80000 - 0x00007ffb8baa8000 	C:\WINDOWS\System32\bcrypt.dll
0x00007ffb8c490000 - 0x00007ffb8c5a4000 	C:\WINDOWS\System32\RPCRT4.dll
0x00007ffb8c800000 - 0x00007ffb8c9af000 	C:\WINDOWS\System32\USER32.dll
0x00007ffb8bf80000 - 0x00007ffb8bfa6000 	C:\WINDOWS\System32\win32u.dll
0x00007ffb8d0e0000 - 0x00007ffb8d109000 	C:\WINDOWS\System32\GDI32.dll
0x00007ffb6d460000 - 0x00007ffb6d6f3000 	C:\WINDOWS\WinSxS\amd64_microsoft.windows.common-controls_6595b64144ccf1df_6.0.22621.3672_none_2713b9d173822955\COMCTL32.dll
0x00007ffb8bbd0000 - 0x00007ffb8bce8000 	C:\WINDOWS\System32\gdi32full.dll
0x00007ffb8bcf0000 - 0x00007ffb8bd8a000 	C:\WINDOWS\System32\msvcp_win.dll
0x00007ffb84a60000 - 0x00007ffb84a6a000 	C:\WINDOWS\SYSTEM32\VERSION.dll
0x00007ffb8cb60000 - 0x00007ffb8cb91000 	C:\WINDOWS\System32\IMM32.DLL
0x00007ffb710e0000 - 0x00007ffb710ec000 	C:\Program Files\Java\jdk-17\bin\vcruntime140_1.dll
0x00007ffb1d6f0000 - 0x00007ffb1d77e000 	C:\Program Files\Java\jdk-17\bin\msvcp140.dll
0x00007ffb0c9f0000 - 0x00007ffb0d5c7000 	C:\Program Files\Java\jdk-17\bin\server\jvm.dll
0x00007ffb8c020000 - 0x00007ffb8c028000 	C:\WINDOWS\System32\PSAPI.DLL
0x00007ffb83850000 - 0x00007ffb83859000 	C:\WINDOWS\SYSTEM32\WSOCK32.dll
0x00007ffb825c0000 - 0x00007ffb825f4000 	C:\WINDOWS\SYSTEM32\WINMM.dll
0x00007ffb8c030000 - 0x00007ffb8c0a1000 	C:\WINDOWS\System32\WS2_32.dll
0x00007ffb8a6e0000 - 0x00007ffb8a6f8000 	C:\WINDOWS\SYSTEM32\kernel.appcore.dll
0x00007ffb6fa60000 - 0x00007ffb6fa6a000 	C:\Program Files\Java\jdk-17\bin\jimage.dll
0x00007ffb88f50000 - 0x00007ffb89182000 	C:\WINDOWS\SYSTEM32\DBGHELP.DLL
0x00007ffb8c0b0000 - 0x00007ffb8c43e000 	C:\WINDOWS\System32\combase.dll
0x00007ffb8e1c0000 - 0x00007ffb8e297000 	C:\WINDOWS\System32\OLEAUT32.dll
0x00007ffb77160000 - 0x00007ffb77192000 	C:\WINDOWS\SYSTEM32\dbgcore.DLL
0x00007ffb8bd90000 - 0x00007ffb8be0b000 	C:\WINDOWS\System32\bcryptPrimitives.dll
0x00007ffb84900000 - 0x00007ffb8490e000 	C:\Program Files\Java\jdk-17\bin\instrument.dll
0x00007ffb632b0000 - 0x00007ffb632d5000 	C:\Program Files\Java\jdk-17\bin\java.dll
0x00007ffb1d410000 - 0x00007ffb1d4e7000 	C:\Program Files\Java\jdk-17\bin\jsvml.dll
0x00007ffb8d4b0000 - 0x00007ffb8dd19000 	C:\WINDOWS\System32\SHELL32.dll
0x00007ffb89570000 - 0x00007ffb89e6f000 	C:\WINDOWS\SYSTEM32\windows.storage.dll
0x00007ffb89430000 - 0x00007ffb8956f000 	C:\WINDOWS\SYSTEM32\wintypes.dll
0x00007ffb8cf10000 - 0x00007ffb8d009000 	C:\WINDOWS\System32\SHCORE.dll
0x00007ffb8d130000 - 0x00007ffb8d18e000 	C:\WINDOWS\System32\shlwapi.dll
0x00007ffb8b530000 - 0x00007ffb8b557000 	C:\WINDOWS\SYSTEM32\profapi.dll
0x00007ffb61490000 - 0x00007ffb614a8000 	C:\Program Files\Java\jdk-17\bin\zip.dll
0x00007ffb63290000 - 0x00007ffb632a9000 	C:\Program Files\Java\jdk-17\bin\net.dll
0x00007ffb830e0000 - 0x00007ffb83216000 	C:\WINDOWS\SYSTEM32\WINHTTP.dll
0x00007ffb8abb0000 - 0x00007ffb8ac19000 	C:\WINDOWS\system32\mswsock.dll
0x00007ffb614b0000 - 0x00007ffb614c6000 	C:\Program Files\Java\jdk-17\bin\nio.dll
0x00007ffb81890000 - 0x00007ffb818aa000 	C:\Program Files\JetBrains\IntelliJ IDEA 2022.3.1\bin\breakgen64.dll
0x000002d2bdd10000 - 0x000002d2bdd13000 	C:\Users\Buddhi\.openjfx\cache\22+30\amd64\api-ms-win-core-console-l1-1-0.dll
0x000002d2bdd20000 - 0x000002d2bdd23000 	C:\Users\Buddhi\.openjfx\cache\22+30\amd64\api-ms-win-core-console-l1-2-0.dll
0x000002d2bdd30000 - 0x000002d2bdd33000 	C:\Users\Buddhi\.openjfx\cache\22+30\amd64\api-ms-win-core-datetime-l1-1-0.dll
0x000002d2bdd40000 - 0x000002d2bdd43000 	C:\Users\Buddhi\.openjfx\cache\22+30\amd64\api-ms-win-core-debug-l1-1-0.dll
0x000002d2bdd50000 - 0x000002d2bdd53000 	C:\Users\Buddhi\.openjfx\cache\22+30\amd64\api-ms-win-core-errorhandling-l1-1-0.dll
0x000002d2bdd60000 - 0x000002d2bdd64000 	C:\Users\Buddhi\.openjfx\cache\22+30\amd64\api-ms-win-core-file-l1-1-0.dll
0x000002d2bdd70000 - 0x000002d2bdd73000 	C:\Users\Buddhi\.openjfx\cache\22+30\amd64\api-ms-win-core-file-l1-2-0.dll
0x000002d2bdd80000 - 0x000002d2bdd83000 	C:\Users\Buddhi\.openjfx\cache\22+30\amd64\api-ms-win-core-file-l2-1-0.dll
0x000002d2bdd90000 - 0x000002d2bdd93000 	C:\Users\Buddhi\.openjfx\cache\22+30\amd64\api-ms-win-core-handle-l1-1-0.dll
0x000002d2bdda0000 - 0x000002d2bdda3000 	C:\Users\Buddhi\.openjfx\cache\22+30\amd64\api-ms-win-core-heap-l1-1-0.dll
0x000002d2bddb0000 - 0x000002d2bddb3000 	C:\Users\Buddhi\.openjfx\cache\22+30\amd64\api-ms-win-core-interlocked-l1-1-0.dll
0x000002d2bddc0000 - 0x000002d2bddc3000 	C:\Users\Buddhi\.openjfx\cache\22+30\amd64\api-ms-win-core-libraryloader-l1-1-0.dll
0x000002d2bddd0000 - 0x000002d2bddd3000 	C:\Users\Buddhi\.openjfx\cache\22+30\amd64\api-ms-win-core-localization-l1-2-0.dll
0x000002d2bdde0000 - 0x000002d2bdde3000 	C:\Users\Buddhi\.openjfx\cache\22+30\amd64\api-ms-win-core-memory-l1-1-0.dll
0x000002d2bddf0000 - 0x000002d2bddf3000 	C:\Users\Buddhi\.openjfx\cache\22+30\amd64\api-ms-win-core-namedpipe-l1-1-0.dll
0x000002d2bde00000 - 0x000002d2bde03000 	C:\Users\Buddhi\.openjfx\cache\22+30\amd64\api-ms-win-core-processenvironment-l1-1-0.dll
0x000002d2bde10000 - 0x000002d2bde13000 	C:\Users\Buddhi\.openjfx\cache\22+30\amd64\api-ms-win-core-processthreads-l1-1-0.dll
0x000002d2bde20000 - 0x000002d2bde23000 	C:\Users\Buddhi\.openjfx\cache\22+30\amd64\api-ms-win-core-processthreads-l1-1-1.dll
0x000002d2bde30000 - 0x000002d2bde33000 	C:\Users\Buddhi\.openjfx\cache\22+30\amd64\api-ms-win-core-profile-l1-1-0.dll
0x000002d2bde40000 - 0x000002d2bde43000 	C:\Users\Buddhi\.openjfx\cache\22+30\amd64\api-ms-win-core-rtlsupport-l1-1-0.dll
0x000002d2bde50000 - 0x000002d2bde53000 	C:\Users\Buddhi\.openjfx\cache\22+30\amd64\api-ms-win-core-string-l1-1-0.dll
0x000002d2bde60000 - 0x000002d2bde63000 	C:\Users\Buddhi\.openjfx\cache\22+30\amd64\api-ms-win-core-synch-l1-1-0.dll
0x000002d2bde70000 - 0x000002d2bde73000 	C:\Users\Buddhi\.openjfx\cache\22+30\amd64\api-ms-win-core-synch-l1-2-0.dll
0x000002d2bde80000 - 0x000002d2bde83000 	C:\Users\Buddhi\.openjfx\cache\22+30\amd64\api-ms-win-core-sysinfo-l1-1-0.dll
0x000002d2bde90000 - 0x000002d2bde93000 	C:\Users\Buddhi\.openjfx\cache\22+30\amd64\api-ms-win-core-timezone-l1-1-0.dll
0x000002d2bdea0000 - 0x000002d2bdea3000 	C:\Users\Buddhi\.openjfx\cache\22+30\amd64\api-ms-win-core-util-l1-1-0.dll
0x000002d2bdeb0000 - 0x000002d2bdeb3000 	C:\Users\Buddhi\.openjfx\cache\22+30\amd64\api-ms-win-crt-conio-l1-1-0.dll
0x000002d2bdec0000 - 0x000002d2bdec4000 	C:\Users\Buddhi\.openjfx\cache\22+30\amd64\api-ms-win-crt-convert-l1-1-0.dll
0x000002d2bded0000 - 0x000002d2bded3000 	C:\Users\Buddhi\.openjfx\cache\22+30\amd64\api-ms-win-crt-environment-l1-1-0.dll
0x000002d2bdee0000 - 0x000002d2bdee3000 	C:\Users\Buddhi\.openjfx\cache\22+30\amd64\api-ms-win-crt-filesystem-l1-1-0.dll
0x000002d2bdef0000 - 0x000002d2bdef3000 	C:\Users\Buddhi\.openjfx\cache\22+30\amd64\api-ms-win-crt-heap-l1-1-0.dll
0x000002d2bdf00000 - 0x000002d2bdf03000 	C:\Users\Buddhi\.openjfx\cache\22+30\amd64\api-ms-win-crt-locale-l1-1-0.dll
0x000002d2bdf10000 - 0x000002d2bdf15000 	C:\Users\Buddhi\.openjfx\cache\22+30\amd64\api-ms-win-crt-math-l1-1-0.dll
0x000002d2bdf20000 - 0x000002d2bdf25000 	C:\Users\Buddhi\.openjfx\cache\22+30\amd64\api-ms-win-crt-multibyte-l1-1-0.dll
0x000002d2bdf30000 - 0x000002d2bdf40000 	C:\Users\Buddhi\.openjfx\cache\22+30\amd64\api-ms-win-crt-private-l1-1-0.dll
0x000002d2bdf40000 - 0x000002d2bdf43000 	C:\Users\Buddhi\.openjfx\cache\22+30\amd64\api-ms-win-crt-process-l1-1-0.dll
0x000002d2bdf50000 - 0x000002d2bdf54000 	C:\Users\Buddhi\.openjfx\cache\22+30\amd64\api-ms-win-crt-runtime-l1-1-0.dll
0x000002d2bdf60000 - 0x000002d2bdf64000 	C:\Users\Buddhi\.openjfx\cache\22+30\amd64\api-ms-win-crt-stdio-l1-1-0.dll
0x000002d2bdf70000 - 0x000002d2bdf74000 	C:\Users\Buddhi\.openjfx\cache\22+30\amd64\api-ms-win-crt-string-l1-1-0.dll
0x000002d2bdf80000 - 0x000002d2bdf83000 	C:\Users\Buddhi\.openjfx\cache\22+30\amd64\api-ms-win-crt-time-l1-1-0.dll
0x000002d2bdf90000 - 0x000002d2bdf93000 	C:\Users\Buddhi\.openjfx\cache\22+30\amd64\api-ms-win-crt-utility-l1-1-0.dll
0x00007ffb1c410000 - 0x00007ffb1c50c000 	C:\Users\Buddhi\.openjfx\cache\22+30\amd64\ucrtbase.dll
0x00007ffb70f40000 - 0x00007ffb70f5b000 	C:\Users\Buddhi\.openjfx\cache\22+30\amd64\vcruntime140.dll
0x00007ffb848f0000 - 0x00007ffb848fc000 	C:\Users\Buddhi\.openjfx\cache\22+30\amd64\vcruntime140_1.dll
0x00007ffb1bcd0000 - 0x00007ffb1bd5e000 	C:\Users\Buddhi\.openjfx\cache\22+30\amd64\msvcp140.dll
0x00007ffb7a6f0000 - 0x00007ffb7a6f9000 	C:\Users\Buddhi\.openjfx\cache\22+30\amd64\msvcp140_1.dll
0x00007ffb5ec10000 - 0x00007ffb5ec51000 	C:\Users\Buddhi\.openjfx\cache\22+30\amd64\msvcp140_2.dll
0x00007ffb6a320000 - 0x00007ffb6a350000 	C:\Users\Buddhi\.openjfx\cache\22+30\amd64\prism_d3d.dll
0x00007ffb6e8e0000 - 0x00007ffb6ea88000 	C:\WINDOWS\system32\d3d9.dll
0x00007ffb88bd0000 - 0x00007ffb88bfb000 	C:\WINDOWS\SYSTEM32\dwmapi.dll
0x00007ffb88680000 - 0x00007ffb886b7000 	C:\WINDOWS\SYSTEM32\dxcore.dll
0x00007ffb88590000 - 0x00007ffb88641000 	C:\WINDOWS\system32\uxtheme.dll
0x00007ffb814f0000 - 0x00007ffb81539000 	C:\WINDOWS\SYSTEM32\directxdatabasehelper.dll
0x00007ffb65f30000 - 0x00007ffb65f43000 	C:\Users\Buddhi\.openjfx\cache\22+30\amd64\prism_sw.dll

dbghelp: loaded successfully - version: 4.0.5 - missing functions: none
symbol engine: initialized successfully - sym options: 0x614 - pdb path: .;C:\Program Files\Java\jdk-17\bin;C:\WINDOWS\SYSTEM32;C:\WINDOWS\WinSxS\amd64_microsoft.windows.common-controls_6595b64144ccf1df_6.0.22621.3672_none_2713b9d173822955;C:\Program Files\Java\jdk-17\bin\server;C:\Program Files\JetBrains\IntelliJ IDEA 2022.3.1\bin;C:\Users\Buddhi\.openjfx\cache\22+30\amd64

VM Arguments:
jvm_args: -javaagent:C:\Program Files\JetBrains\IntelliJ IDEA 2022.3.1\lib\idea_rt.jar=6949:C:\Program Files\JetBrains\IntelliJ IDEA 2022.3.1\bin -Dfile.encoding=UTF-8 
java_command: org.example.LauncherWrapper
java_class_path (initial): C:\Users\Public\Documents\ijse\ORM_final\target\classes;C:\Users\Buddhi\.m2\repository\org\hibernate\orm\hibernate-core\6.2.6.Final\hibernate-core-6.2.6.Final.jar;C:\Users\Buddhi\.m2\repository\jakarta\persistence\jakarta.persistence-api\3.1.0\jakarta.persistence-api-3.1.0.jar;C:\Users\Buddhi\.m2\repository\jakarta\transaction\jakarta.transaction-api\2.0.1\jakarta.transaction-api-2.0.1.jar;C:\Users\Buddhi\.m2\repository\org\jboss\logging\jboss-logging\3.5.0.Final\jboss-logging-3.5.0.Final.jar;C:\Users\Buddhi\.m2\repository\org\hibernate\common\hibernate-commons-annotations\6.0.6.Final\hibernate-commons-annotations-6.0.6.Final.jar;C:\Users\Buddhi\.m2\repository\io\smallrye\jandex\3.0.5\jandex-3.0.5.jar;C:\Users\Buddhi\.m2\repository\com\fasterxml\classmate\1.5.1\classmate-1.5.1.jar;C:\Users\Buddhi\.m2\repository\net\bytebuddy\byte-buddy\1.12.18\byte-buddy-1.12.18.jar;C:\Users\Buddhi\.m2\repository\jakarta\xml\bind\jakarta.xml.bind-api\4.0.0\jakarta.xml.bind-api-4.0.0.jar;C:\Users\Buddhi\.m2\repository\jakarta\activation\jakarta.activation-api\2.1.0\jakarta.activation-api-2.1.0.jar;C:\Users\Buddhi\.m2\repository\org\glassfish\jaxb\jaxb-runtime\4.0.2\jaxb-runtime-4.0.2.jar;C:\Users\Buddhi\.m2\repository\org\glassfish\jaxb\jaxb-core\4.0.2\jaxb-core-4.0.2.jar;C:\Users\Buddhi\.m2\repository\org\eclipse\angus\angus-activation\2.0.0\angus-activation-2.0.0.jar;C:\Users\Buddhi\.m2\repository\org\glassfish\jaxb\txw2\4.0.2\txw2-4.0.2.jar;C:\Users\Buddhi\.m2\repository\com\sun\istack\istack-commons-runtime\4.1.1\istack-commons-runtime-4.1.1.jar;C:\Users\Buddhi\.m2\repository\jakarta\inject\jakarta.inject-api\2.0.1\jakarta.inject-api-2.0.1.jar;C:\Users\Buddhi\.m2\repository\org\antlr\antlr4-runtime\4.10.1\antlr4-runtime-4.10.1.jar;C:\Users\Buddhi\.m2\repository\com\mysql\mysql-connector-j\8.3.0\mysql-connector-j-8.3.0.jar;C:\Users\Buddhi\.m2\repository\com\google\protobuf\protobuf-java\3.25.1\protobuf-java-3.25.1.jar;C:\Users\Buddhi\.m2\repository\org
Launcher Type: SUN_STANDARD

[Global flags]
     intx CICompilerCount                          = 12                                        {product} {ergonomic}
     uint ConcGCThreads                            = 3                                         {product} {ergonomic}
     uint G1ConcRefinementThreads                  = 13                                        {product} {ergonomic}
   size_t G1HeapRegionSize                         = 1048576                                   {product} {ergonomic}
    uintx GCDrainStackTargetSize                   = 64                                        {product} {ergonomic}
   size_t InitialHeapSize                          = 130023424                                 {product} {ergonomic}
   size_t MarkStackSize                            = 4194304                                   {product} {ergonomic}
   size_t MaxHeapSize                              = 2069889024                                {product} {ergonomic}
   size_t MaxNewSize                               = 1241513984                                {product} {ergonomic}
   size_t MinHeapDeltaBytes                        = 1048576                                   {product} {ergonomic}
   size_t MinHeapSize                              = 8388608                                   {product} {ergonomic}
    uintx NonNMethodCodeHeapSize                   = 7602480                                {pd product} {ergonomic}
    uintx NonProfiledCodeHeapSize                  = 122027880                              {pd product} {ergonomic}
    uintx ProfiledCodeHeapSize                     = 122027880                              {pd product} {ergonomic}
    uintx ReservedCodeCacheSize                    = 251658240                              {pd product} {ergonomic}
     bool SegmentedCodeCache                       = true                                      {product} {ergonomic}
   size_t SoftMaxHeapSize                          = 2069889024                             {manageable} {ergonomic}
     bool UseCompressedClassPointers               = true                           {product lp64_product} {ergonomic}
     bool UseCompressedOops                        = true                           {product lp64_product} {ergonomic}
     bool UseG1GC                                  = true                                      {product} {ergonomic}
     bool UseLargePagesIndividualAllocation        = false                                  {pd product} {ergonomic}

Logging:
Log output configuration:
 #0: stdout all=warning uptime,level,tags
 #1: stderr all=off uptime,level,tags

Environment Variables:
JAVA_HOME=C:\Program Files\Java\jdk-17
PATH=C:\Program Files (x86)\Common Files\Oracle\Java\javapath;C:\Program Files\Common Files\Oracle\Java\javapath;C:\Windows\system32;C:\Windows;C:\Windows\System32\Wbem;C:\Windows\System32\WindowsPowerShell\v1.0\;C:\Windows\System32\OpenSSH\;C:\Program Files (x86)\NVIDIA Corporation\PhysX\Common;C:\Program Files\NVIDIA Corporation\NVIDIA NvDLISR;C:\Program Files\Java\jdk-17\bin;C:\Program Files\apache-maven-3.8.7\bin;C:\WINDOWS\system32;C:\WINDOWS;C:\WINDOWS\System32\Wbem;C:\WINDOWS\System32\WindowsPowerShell\v1.0\;C:\WINDOWS\System32\OpenSSH\;C:\Program Files\Git\cmd;C:\Program Files\MySQL\MySQL Shell 8.0\bin\;C:\Users\Buddhi\AppData\Local\Microsoft\WindowsApps;C:\Users\Buddhi\AppData\Local\Programs\Microsoft VS Code\bin;C:\Program Files\JetBrains\IntelliJ IDEA 2022.3.1\bin;;C:\Program Files\apache-maven-3.8.7\apache-maven\src;
USERNAME=Buddhi
OS=Windows_NT
PROCESSOR_IDENTIFIER=Intel64 Family 6 Model 141 Stepping 1, GenuineIntel



---------------  S Y S T E M  ---------------

OS:
 Windows 11 , 64 bit Build 22621 (10.0.22621.3958)
OS uptime: 10 days 1:08 hours

CPU: total 16 (initial active 16) (8 cores per cpu, 2 threads per core) family 6 model 141 stepping 1 microcode 0x26, cx8, cmov, fxsr, ht, mmx, 3dnowpref, sse, sse2, sse3, ssse3, sse4.1, sse4.2, popcnt, lzcnt, tsc, tscinvbit, avx, avx2, aes, erms, clmul, bmi1, bmi2, adx, avx512f, avx512dq, avx512cd, avx512bw, avx512vl, sha, fma, vzeroupper, avx512_vpopcntdq, avx512_vpclmulqdq, avx512_vaes, avx512_vnni, clflush, clflushopt, clwb, avx512_vbmi2, avx512_vbmi

Memory: 4k page, system-wide physical 7893M (384M free)
TotalPageFile size 16085M (AvailPageFile size 1M)
current process WorkingSet (physical memory assigned to process): 66M, peak: 66M
current process commit charge ("private bytes"): 232M, peak: 232M

vm_info: Java HotSpot(TM) 64-Bit Server VM (17.0.6+9-LTS-190) for windows-amd64 JRE (17.0.6+9-LTS-190), built on Dec  6 2022 15:53:54 by "mach5one" with MS VC++ 17.1 (VS2022)

END.
